INFO: pocketsphinx.c(152): Parsed model-specific feature parameters from /usr/local/lib/python2.7/dist-packages/pocketsphinx/model/en-us/feat.params
Current configuration:
[NAME]			[DEFLT]		[VALUE]
-agc			none		none
-agcthresh		2.0		2.000000e+00
-allphone				
-allphone_ci		no		yes
-alpha			0.97		9.700000e-01
-ascale			20.0		2.000000e+01
-aw			1		1
-backtrace		no		no
-beam			1e-48		1.000000e-48
-bestpath		yes		yes
-bestpathlw		9.5		9.500000e+00
-ceplen			13		13
-cmn			live		batch
-cmninit		40,3,-1		41.00,-5.29,-0.12,5.09,2.48,-4.07,-1.37,-1.78,-5.08,-2.05,-6.45,-1.42,1.17
-compallsen		no		no
-debug					0
-dict					dictionary.dic
-dictcase		no		no
-dither			no		no
-doublebw		no		no
-ds			1		1
-fdict					
-feat			1s_c_d_dd	1s_c_d_dd
-featparams				
-fillprob		1e-8		1.000000e-08
-frate			100		100
-fsg					
-fsgusealtpron		yes		yes
-fsgusefiller		yes		yes
-fwdflat		yes		yes
-fwdflatbeam		1e-64		1.000000e-64
-fwdflatefwid		4		4
-fwdflatlw		8.5		8.500000e+00
-fwdflatsfwin		25		25
-fwdflatwbeam		7e-29		7.000000e-29
-fwdtree		yes		yes
-hmm					/usr/local/lib/python2.7/dist-packages/pocketsphinx/model/en-us
-input_endian		little		little
-jsgf					
-keyphrase				
-kws					
-kws_delay		10		10
-kws_plp		1e-1		1.000000e-01
-kws_threshold		1		1.000000e+00
-latsize		5000		5000
-lda					
-ldadim			0		0
-lifter			0		22
-lm					language_model.lm
-lmctl					
-lmname					
-logbase		1.0001		1.000100e+00
-logfn					psphinx.log
-logspec		no		no
-lowerf			133.33334	1.300000e+02
-lpbeam			1e-40		1.000000e-40
-lponlybeam		7e-29		7.000000e-29
-lw			6.5		6.500000e+00
-maxhmmpf		30000		30000
-maxwpf			-1		-1
-mdef					
-mean					
-mfclogdir				
-min_endfr		0		0
-mixw					
-mixwfloor		0.0000001	1.000000e-07
-mllr					
-mmap			yes		yes
-ncep			13		13
-nfft			512		512
-nfilt			40		25
-nwpen			1.0		1.000000e+00
-pbeam			1e-48		1.000000e-48
-pip			1.0		1.000000e+00
-pl_beam		1e-10		1.000000e-10
-pl_pbeam		1e-10		1.000000e-10
-pl_pip			1.0		1.000000e+00
-pl_weight		3.0		3.000000e+00
-pl_window		5		5
-rawlogdir				
-remove_dc		no		no
-remove_noise		yes		yes
-remove_silence		yes		yes
-round_filters		yes		yes
-samprate		16000		1.600000e+04
-seed			-1		-1
-sendump				
-senlogdir				
-senmgau				
-silprob		0.005		5.000000e-03
-smoothspec		no		no
-svspec					0-12/13-25/26-38
-tmat					
-tmatfloor		0.0001		1.000000e-04
-topn			4		4
-topn_beam		0		0
-toprule				
-transform		legacy		dct
-unit_area		yes		yes
-upperf			6855.4976	6.800000e+03
-uw			1.0		1.000000e+00
-vad_postspeech		50		50
-vad_prespeech		20		20
-vad_startspeech	10		10
-vad_threshold		2.0		2.000000e+00
-var					
-varfloor		0.0001		1.000000e-04
-varnorm		no		no
-verbose		no		yes
-warp_params				
-warp_type		inverse_linear	inverse_linear
-wbeam			7e-29		7.000000e-29
-wip			0.65		6.500000e-01
-wlen			0.025625	2.562500e-02

INFO: fe_interface.c(173): Current FE Parameters:
INFO: fe_interface.c(174): 	Sampling Rate:             16000.000000
INFO: fe_interface.c(175): 	Frame Size:                410
INFO: fe_interface.c(176): 	Frame Shift:               160
INFO: fe_interface.c(177): 	FFT Size:                  512
INFO: fe_interface.c(179): 	Lower Frequency:           130
INFO: fe_interface.c(181): 	Upper Frequency:           6800
INFO: fe_interface.c(182): 	Number of filters:         25
INFO: fe_interface.c(183): 	Number of Overflow Samps:  0
INFO: fe_interface.c(185): Will not remove DC offset at frame level
INFO: fe_interface.c(191): Will not add dither to audio
INFO: fe_interface.c(195): Will apply sine-curve liftering, period 22
INFO: fe_interface.c(198): Will normalize filters to unit area
INFO: fe_interface.c(200): Will round filter frequencies to DFT points
INFO: fe_interface.c(202): Will not use double bandwidth in mel filter
INFO: feat.c(715): Initializing feature stream to type: '1s_c_d_dd', ceplen=13, CMN='batch', VARNORM='no', AGC='none'
INFO: acmod.c(166): Using subvector specification 0-12/13-25/26-38
INFO: mdef.c(518): Reading model definition: /usr/local/lib/python2.7/dist-packages/pocketsphinx/model/en-us/mdef
INFO: mdef.c(531): Found byte-order mark BMDF, assuming this is a binary mdef file
INFO: bin_mdef.c(336): Reading binary model definition: /usr/local/lib/python2.7/dist-packages/pocketsphinx/model/en-us/mdef
INFO: bin_mdef.c(516): 42 CI-phone, 137053 CD-phone, 3 emitstate/phone, 126 CI-sen, 5126 Sen, 29324 Sen-Seq
INFO: tmat.c(149): Reading HMM transition probability matrices: /usr/local/lib/python2.7/dist-packages/pocketsphinx/model/en-us/transition_matrices
INFO: acmod.c(117): Attempting to use PTM computation module
INFO: ms_gauden.c(127): Reading mixture gaussian parameter: /usr/local/lib/python2.7/dist-packages/pocketsphinx/model/en-us/means
INFO: ms_gauden.c(242): 42 codebook, 3 feature, size: 
INFO: ms_gauden.c(244):  128x13
INFO: ms_gauden.c(244):  128x13
INFO: ms_gauden.c(244):  128x13
INFO: ms_gauden.c(127): Reading mixture gaussian parameter: /usr/local/lib/python2.7/dist-packages/pocketsphinx/model/en-us/variances
INFO: ms_gauden.c(242): 42 codebook, 3 feature, size: 
INFO: ms_gauden.c(244):  128x13
INFO: ms_gauden.c(244):  128x13
INFO: ms_gauden.c(244):  128x13
INFO: ms_gauden.c(304): 222 variance values floored
INFO: ptm_mgau.c(476): Loading senones from dump file /usr/local/lib/python2.7/dist-packages/pocketsphinx/model/en-us/sendump
INFO: ptm_mgau.c(500): BEGIN FILE FORMAT DESCRIPTION
INFO: ptm_mgau.c(563): Rows: 128, Columns: 5126
INFO: ptm_mgau.c(595): Using memory-mapped I/O for senones
INFO: ptm_mgau.c(838): Maximum top-N: 4
INFO: phone_loop_search.c(114): State beam -225 Phone exit beam -225 Insertion penalty 0
ERROR: "dict.c", line 275: Failed to open dictionary file 'dictionary.dic' for reading: No such file or directory
