Determining if the pthread_create exist failed with the following output:
Change Dir: /home/tjalling/Desktop/robot/Robot-v2/catkin_ws/build/CMakeFiles/CMakeTmp

Run Build Command:"/usr/bin/make" "cmTC_f856c/fast"
/usr/bin/make -f CMakeFiles/cmTC_f856c.dir/build.make CMakeFiles/cmTC_f856c.dir/build
make[1]: Entering directory '/home/tjalling/Desktop/robot/Robot-v2/catkin_ws/build/CMakeFiles/CMakeTmp'
Building C object CMakeFiles/cmTC_f856c.dir/CheckSymbolExists.c.o
/usr/bin/cc     -o CMakeFiles/cmTC_f856c.dir/CheckSymbolExists.c.o   -c /home/tjalling/Desktop/robot/Robot-v2/catkin_ws/build/CMakeFiles/CMakeTmp/CheckSymbolExists.c
Linking C executable cmTC_f856c
/usr/bin/cmake -E cmake_link_script CMakeFiles/cmTC_f856c.dir/link.txt --verbose=1
/usr/bin/cc       CMakeFiles/cmTC_f856c.dir/CheckSymbolExists.c.o  -o cmTC_f856c -rdynamic 
CMakeFiles/cmTC_f856c.dir/CheckSymbolExists.c.o: In function `main':
CheckSymbolExists.c:(.text+0x16): undefined reference to `pthread_create'
collect2: error: ld returned 1 exit status
CMakeFiles/cmTC_f856c.dir/build.make:97: recipe for target 'cmTC_f856c' failed
make[1]: *** [cmTC_f856c] Error 1
make[1]: Leaving directory '/home/tjalling/Desktop/robot/Robot-v2/catkin_ws/build/CMakeFiles/CMakeTmp'
Makefile:126: recipe for target 'cmTC_f856c/fast' failed
make: *** [cmTC_f856c/fast] Error 2

File /home/tjalling/Desktop/robot/Robot-v2/catkin_ws/build/CMakeFiles/CMakeTmp/CheckSymbolExists.c:
/* */
#include <pthread.h>

int main(int argc, char** argv)
{
  (void)argv;
#ifndef pthread_create
  return ((int*)(&pthread_create))[argc];
#else
  (void)argc;
  return 0;
#endif
}

Determining if the function pthread_create exists in the pthreads failed with the following output:
Change Dir: /home/tjalling/Desktop/robot/Robot-v2/catkin_ws/build/CMakeFiles/CMakeTmp

Run Build Command:"/usr/bin/make" "cmTC_927bb/fast"
/usr/bin/make -f CMakeFiles/cmTC_927bb.dir/build.make CMakeFiles/cmTC_927bb.dir/build
make[1]: Entering directory '/home/tjalling/Desktop/robot/Robot-v2/catkin_ws/build/CMakeFiles/CMakeTmp'
Building C object CMakeFiles/cmTC_927bb.dir/CheckFunctionExists.c.o
/usr/bin/cc    -DCHECK_FUNCTION_EXISTS=pthread_create   -o CMakeFiles/cmTC_927bb.dir/CheckFunctionExists.c.o   -c /usr/share/cmake-3.5/Modules/CheckFunctionExists.c
Linking C executable cmTC_927bb
/usr/bin/cmake -E cmake_link_script CMakeFiles/cmTC_927bb.dir/link.txt --verbose=1
/usr/bin/cc   -DCHECK_FUNCTION_EXISTS=pthread_create    CMakeFiles/cmTC_927bb.dir/CheckFunctionExists.c.o  -o cmTC_927bb -rdynamic -lpthreads 
/usr/bin/ld: cannot find -lpthreads
collect2: error: ld returned 1 exit status
CMakeFiles/cmTC_927bb.dir/build.make:97: recipe for target 'cmTC_927bb' failed
make[1]: *** [cmTC_927bb] Error 1
make[1]: Leaving directory '/home/tjalling/Desktop/robot/Robot-v2/catkin_ws/build/CMakeFiles/CMakeTmp'
Makefile:126: recipe for target 'cmTC_927bb/fast' failed
make: *** [cmTC_927bb/fast] Error 2


