Current configuration:
[NAME]			[DEFLT]		[VALUE]
-agc			none		none
-agcthresh		2.0		2.000000e+00
-allphone				
-allphone_ci		no		yes
-alpha			0.97		9.700000e-01
-ascale			20.0		2.000000e+01
-aw			1		1
-backtrace		no		no
-beam			1e-48		1.000000e-48
-bestpath		yes		yes
-bestpathlw		9.5		9.500000e+00
-ceplen			13		13
-cmn			live		live
-cmninit		40,3,-1		40,3,-1
-compallsen		no		no
-debug					0
-dict					dictionary.dic
-dictcase		no		no
-dither			no		no
-doublebw		no		no
-ds			1		1
-fdict					
-feat			1s_c_d_dd	1s_c_d_dd
-featparams				
-fillprob		1e-8		1.000000e-08
-frate			100		100
-fsg					
-fsgusealtpron		yes		yes
-fsgusefiller		yes		yes
-fwdflat		yes		yes
-fwdflatbeam		1e-64		1.000000e-64
-fwdflatefwid		4		4
-fwdflatlw		8.5		8.500000e+00
-fwdflatsfwin		25		25
-fwdflatwbeam		7e-29		7.000000e-29
-fwdtree		yes		yes
-hmm					cmusphinx-5prealpha-en-us-ptm-2.0/
-input_endian		little		little
-jsgf					
-keyphrase				
-kws					
-kws_delay		10		10
-kws_plp		1e-1		1.000000e-01
-kws_threshold		1		1.000000e+00
-latsize		5000		5000
-lda					
-ldadim			0		0
-lifter			0		0
-lm					language_model.lm
-lmctl					
-lmname					
-logbase		1.0001		1.000100e+00
-logfn					psphinx.log
-logspec		no		no
-lowerf			133.33334	1.333333e+02
-lpbeam			1e-40		1.000000e-40
-lponlybeam		7e-29		7.000000e-29
-lw			6.5		6.500000e+00
-maxhmmpf		30000		30000
-maxwpf			-1		-1
-mdef					
-mean					
-mfclogdir				
-min_endfr		0		0
-mixw					
-mixwfloor		0.0000001	1.000000e-07
-mllr					
-mmap			yes		yes
-ncep			13		13
-nfft			512		512
-nfilt			40		40
-nwpen			1.0		1.000000e+00
-pbeam			1e-48		1.000000e-48
-pip			1.0		1.000000e+00
-pl_beam		1e-10		1.000000e-10
-pl_pbeam		1e-10		1.000000e-10
-pl_pip			1.0		1.000000e+00
-pl_weight		3.0		3.000000e+00
-pl_window		5		5
-rawlogdir				
-remove_dc		no		no
-remove_noise		yes		yes
-remove_silence		yes		yes
-round_filters		yes		yes
-samprate		16000		1.600000e+04
-seed			-1		-1
-sendump				
-senlogdir				
-senmgau				
-silprob		0.005		5.000000e-03
-smoothspec		no		no
-svspec					
-tmat					
-tmatfloor		0.0001		1.000000e-04
-topn			4		4
-topn_beam		0		0
-toprule				
-transform		legacy		legacy
-unit_area		yes		yes
-upperf			6855.4976	6.855498e+03
-uw			1.0		1.000000e+00
-vad_postspeech		50		50
-vad_prespeech		20		20
-vad_startspeech	10		10
-vad_threshold		2.0		2.000000e+00
-var					
-varfloor		0.0001		1.000000e-04
-varnorm		no		no
-verbose		no		yes
-warp_params				
-warp_type		inverse_linear	inverse_linear
-wbeam			7e-29		7.000000e-29
-wip			0.65		6.500000e-01
-wlen			0.025625	2.562500e-02

INFO: fe_interface.c(173): Current FE Parameters:
INFO: fe_interface.c(174): 	Sampling Rate:             16000.000000
INFO: fe_interface.c(175): 	Frame Size:                410
INFO: fe_interface.c(176): 	Frame Shift:               160
INFO: fe_interface.c(177): 	FFT Size:                  512
INFO: fe_interface.c(179): 	Lower Frequency:           133.333
INFO: fe_interface.c(181): 	Upper Frequency:           6855.5
INFO: fe_interface.c(182): 	Number of filters:         40
INFO: fe_interface.c(183): 	Number of Overflow Samps:  0
INFO: fe_interface.c(185): Will not remove DC offset at frame level
INFO: fe_interface.c(191): Will not add dither to audio
INFO: fe_interface.c(198): Will normalize filters to unit area
INFO: fe_interface.c(200): Will round filter frequencies to DFT points
INFO: fe_interface.c(202): Will not use double bandwidth in mel filter
INFO: feat.c(715): Initializing feature stream to type: '1s_c_d_dd', ceplen=13, CMN='live', VARNORM='no', AGC='none'
ERROR: "acmod.c", line 83: Folder 'cmusphinx-5prealpha-en-us-ptm-2.0/' does not contain acoustic model definition 'mdef'
Current configuration:
[NAME]			[DEFLT]		[VALUE]
-agc			none		none
-agcthresh		2.0		2.000000e+00
-allphone				
-allphone_ci		no		yes
-alpha			0.97		9.700000e-01
-ascale			20.0		2.000000e+01
-aw			1		1
-backtrace		no		no
-beam			1e-48		1.000000e-48
-bestpath		yes		yes
-bestpathlw		9.5		9.500000e+00
-ceplen			13		13
-cmn			live		live
-cmninit		40,3,-1		40,3,-1
-compallsen		no		no
-debug					0
-dict					dictionary.dic
-dictcase		no		no
-dither			no		no
-doublebw		no		no
-ds			1		1
-fdict					
-feat			1s_c_d_dd	1s_c_d_dd
-featparams				
-fillprob		1e-8		1.000000e-08
-frate			100		100
-fsg					
-fsgusealtpron		yes		yes
-fsgusefiller		yes		yes
-fwdflat		yes		yes
-fwdflatbeam		1e-64		1.000000e-64
-fwdflatefwid		4		4
-fwdflatlw		8.5		8.500000e+00
-fwdflatsfwin		25		25
-fwdflatwbeam		7e-29		7.000000e-29
-fwdtree		yes		yes
-hmm					cmusphinx-5prealpha-en-us-ptm-2.0/
-input_endian		little		little
-jsgf					
-keyphrase				
-kws					
-kws_delay		10		10
-kws_plp		1e-1		1.000000e-01
-kws_threshold		1		1.000000e+00
-latsize		5000		5000
-lda					
-ldadim			0		0
-lifter			0		0
-lm					language_model.lm
-lmctl					
-lmname					
-logbase		1.0001		1.000100e+00
-logfn					psphinx.log
-logspec		no		no
-lowerf			133.33334	1.333333e+02
-lpbeam			1e-40		1.000000e-40
-lponlybeam		7e-29		7.000000e-29
-lw			6.5		6.500000e+00
-maxhmmpf		30000		30000
-maxwpf			-1		-1
-mdef					
-mean					
-mfclogdir				
-min_endfr		0		0
-mixw					
-mixwfloor		0.0000001	1.000000e-07
-mllr					
-mmap			yes		yes
-ncep			13		13
-nfft			512		512
-nfilt			40		40
-nwpen			1.0		1.000000e+00
-pbeam			1e-48		1.000000e-48
-pip			1.0		1.000000e+00
-pl_beam		1e-10		1.000000e-10
-pl_pbeam		1e-10		1.000000e-10
-pl_pip			1.0		1.000000e+00
-pl_weight		3.0		3.000000e+00
-pl_window		5		5
-rawlogdir				
-remove_dc		no		no
-remove_noise		yes		yes
-remove_silence		yes		yes
-round_filters		yes		yes
-samprate		16000		1.600000e+04
-seed			-1		-1
-sendump				
-senlogdir				
-senmgau				
-silprob		0.005		5.000000e-03
-smoothspec		no		no
-svspec					
-tmat					
-tmatfloor		0.0001		1.000000e-04
-topn			4		4
-topn_beam		0		0
-toprule				
-transform		legacy		legacy
-unit_area		yes		yes
-upperf			6855.4976	6.855498e+03
-uw			1.0		1.000000e+00
-vad_postspeech		50		50
-vad_prespeech		20		20
-vad_startspeech	10		10
-vad_threshold		2.0		2.000000e+00
-var					
-varfloor		0.0001		1.000000e-04
-varnorm		no		no
-verbose		no		yes
-warp_params				
-warp_type		inverse_linear	inverse_linear
-wbeam			7e-29		7.000000e-29
-wip			0.65		6.500000e-01
-wlen			0.025625	2.562500e-02

INFO: fe_interface.c(173): Current FE Parameters:
INFO: fe_interface.c(174): 	Sampling Rate:             16000.000000
INFO: fe_interface.c(175): 	Frame Size:                410
INFO: fe_interface.c(176): 	Frame Shift:               160
INFO: fe_interface.c(177): 	FFT Size:                  512
INFO: fe_interface.c(179): 	Lower Frequency:           133.333
INFO: fe_interface.c(181): 	Upper Frequency:           6855.5
INFO: fe_interface.c(182): 	Number of filters:         40
INFO: fe_interface.c(183): 	Number of Overflow Samps:  0
INFO: fe_interface.c(185): Will not remove DC offset at frame level
INFO: fe_interface.c(191): Will not add dither to audio
INFO: fe_interface.c(198): Will normalize filters to unit area
INFO: fe_interface.c(200): Will round filter frequencies to DFT points
INFO: fe_interface.c(202): Will not use double bandwidth in mel filter
INFO: feat.c(715): Initializing feature stream to type: '1s_c_d_dd', ceplen=13, CMN='live', VARNORM='no', AGC='none'
ERROR: "acmod.c", line 83: Folder 'cmusphinx-5prealpha-en-us-ptm-2.0/' does not contain acoustic model definition 'mdef'
Current configuration:
[NAME]			[DEFLT]		[VALUE]
-agc			none		none
-agcthresh		2.0		2.000000e+00
-allphone				
-allphone_ci		no		yes
-alpha			0.97		9.700000e-01
-ascale			20.0		2.000000e+01
-aw			1		1
-backtrace		no		no
-beam			1e-48		1.000000e-48
-bestpath		yes		yes
-bestpathlw		9.5		9.500000e+00
-ceplen			13		13
-cmn			live		live
-cmninit		40,3,-1		40,3,-1
-compallsen		no		no
-debug					0
-dict					dictionary.dic
-dictcase		no		no
-dither			no		no
-doublebw		no		no
-ds			1		1
-fdict					
-feat			1s_c_d_dd	1s_c_d_dd
-featparams				
-fillprob		1e-8		1.000000e-08
-frate			100		100
-fsg					
-fsgusealtpron		yes		yes
-fsgusefiller		yes		yes
-fwdflat		yes		yes
-fwdflatbeam		1e-64		1.000000e-64
-fwdflatefwid		4		4
-fwdflatlw		8.5		8.500000e+00
-fwdflatsfwin		25		25
-fwdflatwbeam		7e-29		7.000000e-29
-fwdtree		yes		yes
-hmm					cmusphinx-5prealpha-en-us-ptm-2.0/
-input_endian		little		little
-jsgf					
-keyphrase				
-kws					
-kws_delay		10		10
-kws_plp		1e-1		1.000000e-01
-kws_threshold		1		1.000000e+00
-latsize		5000		5000
-lda					
-ldadim			0		0
-lifter			0		0
-lm					language_model.lm
-lmctl					
-lmname					
-logbase		1.0001		1.000100e+00
-logfn					psphinx.log
-logspec		no		no
-lowerf			133.33334	1.333333e+02
-lpbeam			1e-40		1.000000e-40
-lponlybeam		7e-29		7.000000e-29
-lw			6.5		6.500000e+00
-maxhmmpf		30000		30000
-maxwpf			-1		-1
-mdef					
-mean					
-mfclogdir				
-min_endfr		0		0
-mixw					
-mixwfloor		0.0000001	1.000000e-07
-mllr					
-mmap			yes		yes
-ncep			13		13
-nfft			512		512
-nfilt			40		40
-nwpen			1.0		1.000000e+00
-pbeam			1e-48		1.000000e-48
-pip			1.0		1.000000e+00
-pl_beam		1e-10		1.000000e-10
-pl_pbeam		1e-10		1.000000e-10
-pl_pip			1.0		1.000000e+00
-pl_weight		3.0		3.000000e+00
-pl_window		5		5
-rawlogdir				
-remove_dc		no		no
-remove_noise		yes		yes
-remove_silence		yes		yes
-round_filters		yes		yes
-samprate		16000		1.600000e+04
-seed			-1		-1
-sendump				
-senlogdir				
-senmgau				
-silprob		0.005		5.000000e-03
-smoothspec		no		no
-svspec					
-tmat					
-tmatfloor		0.0001		1.000000e-04
-topn			4		4
-topn_beam		0		0
-toprule				
-transform		legacy		legacy
-unit_area		yes		yes
-upperf			6855.4976	6.855498e+03
-uw			1.0		1.000000e+00
-vad_postspeech		50		50
-vad_prespeech		20		20
-vad_startspeech	10		10
-vad_threshold		2.0		2.000000e+00
-var					
-varfloor		0.0001		1.000000e-04
-varnorm		no		no
-verbose		no		yes
-warp_params				
-warp_type		inverse_linear	inverse_linear
-wbeam			7e-29		7.000000e-29
-wip			0.65		6.500000e-01
-wlen			0.025625	2.562500e-02

INFO: fe_interface.c(173): Current FE Parameters:
INFO: fe_interface.c(174): 	Sampling Rate:             16000.000000
INFO: fe_interface.c(175): 	Frame Size:                410
INFO: fe_interface.c(176): 	Frame Shift:               160
INFO: fe_interface.c(177): 	FFT Size:                  512
INFO: fe_interface.c(179): 	Lower Frequency:           133.333
INFO: fe_interface.c(181): 	Upper Frequency:           6855.5
INFO: fe_interface.c(182): 	Number of filters:         40
INFO: fe_interface.c(183): 	Number of Overflow Samps:  0
INFO: fe_interface.c(185): Will not remove DC offset at frame level
INFO: fe_interface.c(191): Will not add dither to audio
INFO: fe_interface.c(198): Will normalize filters to unit area
INFO: fe_interface.c(200): Will round filter frequencies to DFT points
INFO: fe_interface.c(202): Will not use double bandwidth in mel filter
INFO: feat.c(715): Initializing feature stream to type: '1s_c_d_dd', ceplen=13, CMN='live', VARNORM='no', AGC='none'
ERROR: "acmod.c", line 83: Folder 'cmusphinx-5prealpha-en-us-ptm-2.0/' does not contain acoustic model definition 'mdef'
Current configuration:
[NAME]			[DEFLT]		[VALUE]
-agc			none		none
-agcthresh		2.0		2.000000e+00
-allphone				
-allphone_ci		no		yes
-alpha			0.97		9.700000e-01
-ascale			20.0		2.000000e+01
-aw			1		1
-backtrace		no		no
-beam			1e-48		1.000000e-48
-bestpath		yes		yes
-bestpathlw		9.5		9.500000e+00
-ceplen			13		13
-cmn			live		live
-cmninit		40,3,-1		40,3,-1
-compallsen		no		no
-debug					0
-dict					dictionary.dic
-dictcase		no		no
-dither			no		no
-doublebw		no		no
-ds			1		1
-fdict					
-feat			1s_c_d_dd	1s_c_d_dd
-featparams				
-fillprob		1e-8		1.000000e-08
-frate			100		100
-fsg					
-fsgusealtpron		yes		yes
-fsgusefiller		yes		yes
-fwdflat		yes		yes
-fwdflatbeam		1e-64		1.000000e-64
-fwdflatefwid		4		4
-fwdflatlw		8.5		8.500000e+00
-fwdflatsfwin		25		25
-fwdflatwbeam		7e-29		7.000000e-29
-fwdtree		yes		yes
-hmm					cmusphinx-5prealpha-en-us-ptm-2.0/
-input_endian		little		little
-jsgf					
-keyphrase				
-kws					
-kws_delay		10		10
-kws_plp		1e-1		1.000000e-01
-kws_threshold		1		1.000000e+00
-latsize		5000		5000
-lda					
-ldadim			0		0
-lifter			0		0
-lm					language_model.lm
-lmctl					
-lmname					
-logbase		1.0001		1.000100e+00
-logfn					psphinx.log
-logspec		no		no
-lowerf			133.33334	1.333333e+02
-lpbeam			1e-40		1.000000e-40
-lponlybeam		7e-29		7.000000e-29
-lw			6.5		6.500000e+00
-maxhmmpf		30000		30000
-maxwpf			-1		-1
-mdef					
-mean					
-mfclogdir				
-min_endfr		0		0
-mixw					
-mixwfloor		0.0000001	1.000000e-07
-mllr					
-mmap			yes		yes
-ncep			13		13
-nfft			512		512
-nfilt			40		40
-nwpen			1.0		1.000000e+00
-pbeam			1e-48		1.000000e-48
-pip			1.0		1.000000e+00
-pl_beam		1e-10		1.000000e-10
-pl_pbeam		1e-10		1.000000e-10
-pl_pip			1.0		1.000000e+00
-pl_weight		3.0		3.000000e+00
-pl_window		5		5
-rawlogdir				
-remove_dc		no		no
-remove_noise		yes		yes
-remove_silence		yes		yes
-round_filters		yes		yes
-samprate		16000		1.600000e+04
-seed			-1		-1
-sendump				
-senlogdir				
-senmgau				
-silprob		0.005		5.000000e-03
-smoothspec		no		no
-svspec					
-tmat					
-tmatfloor		0.0001		1.000000e-04
-topn			4		4
-topn_beam		0		0
-toprule				
-transform		legacy		legacy
-unit_area		yes		yes
-upperf			6855.4976	6.855498e+03
-uw			1.0		1.000000e+00
-vad_postspeech		50		50
-vad_prespeech		20		20
-vad_startspeech	10		10
-vad_threshold		2.0		2.000000e+00
-var					
-varfloor		0.0001		1.000000e-04
-varnorm		no		no
-verbose		no		yes
-warp_params				
-warp_type		inverse_linear	inverse_linear
-wbeam			7e-29		7.000000e-29
-wip			0.65		6.500000e-01
-wlen			0.025625	2.562500e-02

INFO: fe_interface.c(173): Current FE Parameters:
INFO: fe_interface.c(174): 	Sampling Rate:             16000.000000
INFO: fe_interface.c(175): 	Frame Size:                410
INFO: fe_interface.c(176): 	Frame Shift:               160
INFO: fe_interface.c(177): 	FFT Size:                  512
INFO: fe_interface.c(179): 	Lower Frequency:           133.333
INFO: fe_interface.c(181): 	Upper Frequency:           6855.5
INFO: fe_interface.c(182): 	Number of filters:         40
INFO: fe_interface.c(183): 	Number of Overflow Samps:  0
INFO: fe_interface.c(185): Will not remove DC offset at frame level
INFO: fe_interface.c(191): Will not add dither to audio
INFO: fe_interface.c(198): Will normalize filters to unit area
INFO: fe_interface.c(200): Will round filter frequencies to DFT points
INFO: fe_interface.c(202): Will not use double bandwidth in mel filter
INFO: feat.c(715): Initializing feature stream to type: '1s_c_d_dd', ceplen=13, CMN='live', VARNORM='no', AGC='none'
ERROR: "acmod.c", line 83: Folder 'cmusphinx-5prealpha-en-us-ptm-2.0/' does not contain acoustic model definition 'mdef'
INFO: pocketsphinx.c(152): Parsed model-specific feature parameters from /usr/local/lib/python2.7/dist-packages/pocketsphinx/model/en-us/feat.params
Current configuration:
[NAME]			[DEFLT]		[VALUE]
-agc			none		none
-agcthresh		2.0		2.000000e+00
-allphone				
-allphone_ci		no		yes
-alpha			0.97		9.700000e-01
-ascale			20.0		2.000000e+01
-aw			1		1
-backtrace		no		no
-beam			1e-48		1.000000e-48
-bestpath		yes		yes
-bestpathlw		9.5		9.500000e+00
-ceplen			13		13
-cmn			live		batch
-cmninit		40,3,-1		41.00,-5.29,-0.12,5.09,2.48,-4.07,-1.37,-1.78,-5.08,-2.05,-6.45,-1.42,1.17
-compallsen		no		no
-debug					0
-dict					dictionary.dic
-dictcase		no		no
-dither			no		no
-doublebw		no		no
-ds			1		1
-fdict					
-feat			1s_c_d_dd	1s_c_d_dd
-featparams				
-fillprob		1e-8		1.000000e-08
-frate			100		100
-fsg					
-fsgusealtpron		yes		yes
-fsgusefiller		yes		yes
-fwdflat		yes		yes
-fwdflatbeam		1e-64		1.000000e-64
-fwdflatefwid		4		4
-fwdflatlw		8.5		8.500000e+00
-fwdflatsfwin		25		25
-fwdflatwbeam		7e-29		7.000000e-29
-fwdtree		yes		yes
-hmm					/usr/local/lib/python2.7/dist-packages/pocketsphinx/model/en-us
-input_endian		little		little
-jsgf					
-keyphrase				
-kws					
-kws_delay		10		10
-kws_plp		1e-1		1.000000e-01
-kws_threshold		1		1.000000e+00
-latsize		5000		5000
-lda					
-ldadim			0		0
-lifter			0		22
-lm					language_model.lm
-lmctl					
-lmname					
-logbase		1.0001		1.000100e+00
-logfn					psphinx.log
-logspec		no		no
-lowerf			133.33334	1.300000e+02
-lpbeam			1e-40		1.000000e-40
-lponlybeam		7e-29		7.000000e-29
-lw			6.5		6.500000e+00
-maxhmmpf		30000		30000
-maxwpf			-1		-1
-mdef					
-mean					
-mfclogdir				
-min_endfr		0		0
-mixw					
-mixwfloor		0.0000001	1.000000e-07
-mllr					
-mmap			yes		yes
-ncep			13		13
-nfft			512		512
-nfilt			40		25
-nwpen			1.0		1.000000e+00
-pbeam			1e-48		1.000000e-48
-pip			1.0		1.000000e+00
-pl_beam		1e-10		1.000000e-10
-pl_pbeam		1e-10		1.000000e-10
-pl_pip			1.0		1.000000e+00
-pl_weight		3.0		3.000000e+00
-pl_window		5		5
-rawlogdir				
-remove_dc		no		no
-remove_noise		yes		yes
-remove_silence		yes		yes
-round_filters		yes		yes
-samprate		16000		1.600000e+04
-seed			-1		-1
-sendump				
-senlogdir				
-senmgau				
-silprob		0.005		5.000000e-03
-smoothspec		no		no
-svspec					0-12/13-25/26-38
-tmat					
-tmatfloor		0.0001		1.000000e-04
-topn			4		4
-topn_beam		0		0
-toprule				
-transform		legacy		dct
-unit_area		yes		yes
-upperf			6855.4976	6.800000e+03
-uw			1.0		1.000000e+00
-vad_postspeech		50		50
-vad_prespeech		20		20
-vad_startspeech	10		10
-vad_threshold		2.0		2.000000e+00
-var					
-varfloor		0.0001		1.000000e-04
-varnorm		no		no
-verbose		no		yes
-warp_params				
-warp_type		inverse_linear	inverse_linear
-wbeam			7e-29		7.000000e-29
-wip			0.65		6.500000e-01
-wlen			0.025625	2.562500e-02

INFO: fe_interface.c(173): Current FE Parameters:
INFO: fe_interface.c(174): 	Sampling Rate:             16000.000000
INFO: fe_interface.c(175): 	Frame Size:                410
INFO: fe_interface.c(176): 	Frame Shift:               160
INFO: fe_interface.c(177): 	FFT Size:                  512
INFO: fe_interface.c(179): 	Lower Frequency:           130
INFO: fe_interface.c(181): 	Upper Frequency:           6800
INFO: fe_interface.c(182): 	Number of filters:         25
INFO: fe_interface.c(183): 	Number of Overflow Samps:  0
INFO: fe_interface.c(185): Will not remove DC offset at frame level
INFO: fe_interface.c(191): Will not add dither to audio
INFO: fe_interface.c(195): Will apply sine-curve liftering, period 22
INFO: fe_interface.c(198): Will normalize filters to unit area
INFO: fe_interface.c(200): Will round filter frequencies to DFT points
INFO: fe_interface.c(202): Will not use double bandwidth in mel filter
INFO: feat.c(715): Initializing feature stream to type: '1s_c_d_dd', ceplen=13, CMN='batch', VARNORM='no', AGC='none'
INFO: acmod.c(166): Using subvector specification 0-12/13-25/26-38
INFO: mdef.c(518): Reading model definition: /usr/local/lib/python2.7/dist-packages/pocketsphinx/model/en-us/mdef
INFO: mdef.c(531): Found byte-order mark BMDF, assuming this is a binary mdef file
INFO: bin_mdef.c(336): Reading binary model definition: /usr/local/lib/python2.7/dist-packages/pocketsphinx/model/en-us/mdef
INFO: bin_mdef.c(516): 42 CI-phone, 137053 CD-phone, 3 emitstate/phone, 126 CI-sen, 5126 Sen, 29324 Sen-Seq
INFO: tmat.c(149): Reading HMM transition probability matrices: /usr/local/lib/python2.7/dist-packages/pocketsphinx/model/en-us/transition_matrices
INFO: acmod.c(117): Attempting to use PTM computation module
INFO: ms_gauden.c(127): Reading mixture gaussian parameter: /usr/local/lib/python2.7/dist-packages/pocketsphinx/model/en-us/means
INFO: ms_gauden.c(242): 42 codebook, 3 feature, size: 
INFO: ms_gauden.c(244):  128x13
INFO: ms_gauden.c(244):  128x13
INFO: ms_gauden.c(244):  128x13
INFO: ms_gauden.c(127): Reading mixture gaussian parameter: /usr/local/lib/python2.7/dist-packages/pocketsphinx/model/en-us/variances
INFO: ms_gauden.c(242): 42 codebook, 3 feature, size: 
INFO: ms_gauden.c(244):  128x13
INFO: ms_gauden.c(244):  128x13
INFO: ms_gauden.c(244):  128x13
INFO: ms_gauden.c(304): 222 variance values floored
INFO: ptm_mgau.c(476): Loading senones from dump file /usr/local/lib/python2.7/dist-packages/pocketsphinx/model/en-us/sendump
INFO: ptm_mgau.c(500): BEGIN FILE FORMAT DESCRIPTION
INFO: ptm_mgau.c(563): Rows: 128, Columns: 5126
INFO: ptm_mgau.c(595): Using memory-mapped I/O for senones
INFO: ptm_mgau.c(838): Maximum top-N: 4
INFO: phone_loop_search.c(114): State beam -225 Phone exit beam -225 Insertion penalty 0
INFO: dict.c(320): Allocating 4285 * 32 bytes (133 KiB) for word entries
INFO: dict.c(333): Reading main dictionary: dictionary.dic
ERROR: "dict.c", line 205: Line 58: Failed to add the word 'GO' (duplicate?); ignored
ERROR: "dict.c", line 205: Line 76: Failed to add the word 'KITCHEN' (duplicate?); ignored
ERROR: "dict.c", line 205: Line 98: Failed to add the word 'ON' (duplicate?); ignored
ERROR: "dict.c", line 205: Line 99: Failed to add the word 'ON(2)' (duplicate?); ignored
ERROR: "dict.c", line 205: Line 145: Failed to add the word 'THE' (duplicate?); ignored
ERROR: "dict.c", line 205: Line 146: Failed to add the word 'THE(2)' (duplicate?); ignored
ERROR: "dict.c", line 205: Line 155: Failed to add the word 'TURN' (duplicate?); ignored
INFO: dict.c(213): Dictionary size 177, allocated 0 KiB for strings, 1 KiB for phones
INFO: dict.c(336): 177 words read
INFO: dict.c(358): Reading filler dictionary: /usr/local/lib/python2.7/dist-packages/pocketsphinx/model/en-us/noisedict
INFO: dict.c(213): Dictionary size 182, allocated 0 KiB for strings, 0 KiB for phones
INFO: dict.c(361): 5 words read
INFO: dict2pid.c(396): Building PID tables for dictionary
INFO: dict2pid.c(406): Allocating 42^3 * 2 bytes (144 KiB) for word-initial triphones
INFO: dict2pid.c(132): Allocated 42672 bytes (41 KiB) for word-final triphones
INFO: dict2pid.c(196): Allocated 42672 bytes (41 KiB) for single-phone word triphones
INFO: ngram_model_trie.c(354): Trying to read LM in trie binary format
INFO: ngram_model_trie.c(365): Header doesn't match
INFO: ngram_model_trie.c(177): Trying to read LM in arpa format
INFO: ngram_model_trie.c(193): LM of order 3
INFO: ngram_model_trie.c(195): #1-grams: 136
INFO: ngram_model_trie.c(195): #2-grams: 278
INFO: ngram_model_trie.c(195): #3-grams: 295
INFO: lm_trie.c(474): Training quantizer
INFO: lm_trie.c(482): Building LM trie
INFO: ngram_search_fwdtree.c(74): Initializing search tree
INFO: ngram_search_fwdtree.c(101): 112 unique initial diphones
INFO: ngram_search_fwdtree.c(186): Creating search channels
INFO: ngram_search_fwdtree.c(323): Max nonroot chan increased to 438
INFO: ngram_search_fwdtree.c(333): Created 106 root, 310 non-root channels, 8 single-phone words
INFO: ngram_search_fwdflat.c(157): fwdflat: min_ef_width = 4, max_sf_win = 25
INFO: cmn_live.c(120): Update from < 41.00 -5.29 -0.12  5.09  2.48 -4.07 -1.37 -1.78 -5.08 -2.05 -6.45 -1.42  1.17 >
INFO: cmn_live.c(138): Update to   < 48.73  6.42 -6.79 12.66  8.24  6.19 11.84  4.29 -14.53 -12.69 -8.51 -5.29 -6.98 >
INFO: ngram_search_fwdtree.c(1550):     1946 words recognized (10/fr)
INFO: ngram_search_fwdtree.c(1552):   111119 senones evaluated (582/fr)
INFO: ngram_search_fwdtree.c(1556):    59908 channels searched (313/fr), 12984 1st, 24973 last
INFO: ngram_search_fwdtree.c(1559):     2719 words for which last channels evaluated (14/fr)
INFO: ngram_search_fwdtree.c(1561):     5145 candidate words for entering last phone (26/fr)
INFO: ngram_search_fwdtree.c(1564): fwdtree 0.26 CPU 0.134 xRT
INFO: ngram_search_fwdtree.c(1567): fwdtree 2.00 wall 1.047 xRT
INFO: ngram_search_fwdflat.c(302): Utterance vocabulary contains 24 words
INFO: ngram_search_fwdflat.c(948):     1792 words recognized (9/fr)
INFO: ngram_search_fwdflat.c(950):    46131 senones evaluated (242/fr)
INFO: ngram_search_fwdflat.c(952):    46149 channels searched (241/fr)
INFO: ngram_search_fwdflat.c(954):     3518 words searched (18/fr)
INFO: ngram_search_fwdflat.c(957):     1008 word transitions (5/fr)
INFO: ngram_search_fwdflat.c(960): fwdflat 0.09 CPU 0.048 xRT
INFO: ngram_search_fwdflat.c(963): fwdflat 0.09 wall 0.048 xRT
INFO: ngram_search.c(1197): </s> not found in last frame, using WHEN.189 instead
INFO: ngram_search.c(1250): lattice start node <s>.0 end node WHEN(3).4
INFO: ngram_search.c(1276): Eliminated 110 nodes before end node
INFO: ngram_search.c(1381): Lattice has 141 nodes, 1 links
INFO: ps_lattice.c(1380): Bestpath score: -536
INFO: ps_lattice.c(1384): Normalizer P(O) = alpha(WHEN(3):4:189) = -266736
INFO: ps_lattice.c(1441): Joint P(O,S) = -266736 P(S|O) = 0
INFO: ngram_search.c(872): bestpath 0.00 CPU 0.002 xRT
INFO: ngram_search.c(875): bestpath 0.00 wall 0.000 xRT
INFO: ngram_search_fwdtree.c(429): TOTAL fwdtree 0.26 CPU 0.135 xRT
INFO: ngram_search_fwdtree.c(432): TOTAL fwdtree 2.00 wall 1.053 xRT
INFO: ngram_search_fwdflat.c(176): TOTAL fwdflat 0.09 CPU 0.048 xRT
INFO: ngram_search_fwdflat.c(179): TOTAL fwdflat 0.09 wall 0.048 xRT
INFO: ngram_search.c(303): TOTAL bestpath 0.00 CPU 0.002 xRT
INFO: ngram_search.c(306): TOTAL bestpath 0.00 wall 0.000 xRT
INFO: pocketsphinx.c(152): Parsed model-specific feature parameters from /usr/local/lib/python2.7/dist-packages/pocketsphinx/model/en-us/feat.params
Current configuration:
[NAME]			[DEFLT]		[VALUE]
-agc			none		none
-agcthresh		2.0		2.000000e+00
-allphone				
-allphone_ci		no		yes
-alpha			0.97		9.700000e-01
-ascale			20.0		2.000000e+01
-aw			1		1
-backtrace		no		no
-beam			1e-48		1.000000e-48
-bestpath		yes		yes
-bestpathlw		9.5		9.500000e+00
-ceplen			13		13
-cmn			live		batch
-cmninit		40,3,-1		41.00,-5.29,-0.12,5.09,2.48,-4.07,-1.37,-1.78,-5.08,-2.05,-6.45,-1.42,1.17
-compallsen		no		no
-debug					0
-dict					dictionary.dic
-dictcase		no		no
-dither			no		no
-doublebw		no		no
-ds			1		1
-fdict					
-feat			1s_c_d_dd	1s_c_d_dd
-featparams				
-fillprob		1e-8		1.000000e-08
-frate			100		100
-fsg					
-fsgusealtpron		yes		yes
-fsgusefiller		yes		yes
-fwdflat		yes		yes
-fwdflatbeam		1e-64		1.000000e-64
-fwdflatefwid		4		4
-fwdflatlw		8.5		8.500000e+00
-fwdflatsfwin		25		25
-fwdflatwbeam		7e-29		7.000000e-29
-fwdtree		yes		yes
-hmm					/usr/local/lib/python2.7/dist-packages/pocketsphinx/model/en-us
-input_endian		little		little
-jsgf					
-keyphrase				
-kws					
-kws_delay		10		10
-kws_plp		1e-1		1.000000e-01
-kws_threshold		1		1.000000e+00
-latsize		5000		5000
-lda					
-ldadim			0		0
-lifter			0		22
-lm					language_model.lm
-lmctl					
-lmname					
-logbase		1.0001		1.000100e+00
-logfn					psphinx.log
-logspec		no		no
-lowerf			133.33334	1.300000e+02
-lpbeam			1e-40		1.000000e-40
-lponlybeam		7e-29		7.000000e-29
-lw			6.5		6.500000e+00
-maxhmmpf		30000		30000
-maxwpf			-1		-1
-mdef					
-mean					
-mfclogdir				
-min_endfr		0		0
-mixw					
-mixwfloor		0.0000001	1.000000e-07
-mllr					
-mmap			yes		yes
-ncep			13		13
-nfft			512		512
-nfilt			40		25
-nwpen			1.0		1.000000e+00
-pbeam			1e-48		1.000000e-48
-pip			1.0		1.000000e+00
-pl_beam		1e-10		1.000000e-10
-pl_pbeam		1e-10		1.000000e-10
-pl_pip			1.0		1.000000e+00
-pl_weight		3.0		3.000000e+00
-pl_window		5		5
-rawlogdir				
-remove_dc		no		no
-remove_noise		yes		yes
-remove_silence		yes		yes
-round_filters		yes		yes
-samprate		16000		1.600000e+04
-seed			-1		-1
-sendump				
-senlogdir				
-senmgau				
-silprob		0.005		5.000000e-03
-smoothspec		no		no
-svspec					0-12/13-25/26-38
-tmat					
-tmatfloor		0.0001		1.000000e-04
-topn			4		4
-topn_beam		0		0
-toprule				
-transform		legacy		dct
-unit_area		yes		yes
-upperf			6855.4976	6.800000e+03
-uw			1.0		1.000000e+00
-vad_postspeech		50		50
-vad_prespeech		20		20
-vad_startspeech	10		10
-vad_threshold		2.0		2.000000e+00
-var					
-varfloor		0.0001		1.000000e-04
-varnorm		no		no
-verbose		no		yes
-warp_params				
-warp_type		inverse_linear	inverse_linear
-wbeam			7e-29		7.000000e-29
-wip			0.65		6.500000e-01
-wlen			0.025625	2.562500e-02

INFO: fe_interface.c(173): Current FE Parameters:
INFO: fe_interface.c(174): 	Sampling Rate:             16000.000000
INFO: fe_interface.c(175): 	Frame Size:                410
INFO: fe_interface.c(176): 	Frame Shift:               160
INFO: fe_interface.c(177): 	FFT Size:                  512
INFO: fe_interface.c(179): 	Lower Frequency:           130
INFO: fe_interface.c(181): 	Upper Frequency:           6800
INFO: fe_interface.c(182): 	Number of filters:         25
INFO: fe_interface.c(183): 	Number of Overflow Samps:  0
INFO: fe_interface.c(185): Will not remove DC offset at frame level
INFO: fe_interface.c(191): Will not add dither to audio
INFO: fe_interface.c(195): Will apply sine-curve liftering, period 22
INFO: fe_interface.c(198): Will normalize filters to unit area
INFO: fe_interface.c(200): Will round filter frequencies to DFT points
INFO: fe_interface.c(202): Will not use double bandwidth in mel filter
INFO: feat.c(715): Initializing feature stream to type: '1s_c_d_dd', ceplen=13, CMN='batch', VARNORM='no', AGC='none'
INFO: acmod.c(166): Using subvector specification 0-12/13-25/26-38
INFO: mdef.c(518): Reading model definition: /usr/local/lib/python2.7/dist-packages/pocketsphinx/model/en-us/mdef
INFO: mdef.c(531): Found byte-order mark BMDF, assuming this is a binary mdef file
INFO: bin_mdef.c(336): Reading binary model definition: /usr/local/lib/python2.7/dist-packages/pocketsphinx/model/en-us/mdef
INFO: bin_mdef.c(516): 42 CI-phone, 137053 CD-phone, 3 emitstate/phone, 126 CI-sen, 5126 Sen, 29324 Sen-Seq
INFO: tmat.c(149): Reading HMM transition probability matrices: /usr/local/lib/python2.7/dist-packages/pocketsphinx/model/en-us/transition_matrices
INFO: acmod.c(117): Attempting to use PTM computation module
INFO: ms_gauden.c(127): Reading mixture gaussian parameter: /usr/local/lib/python2.7/dist-packages/pocketsphinx/model/en-us/means
INFO: ms_gauden.c(242): 42 codebook, 3 feature, size: 
INFO: ms_gauden.c(244):  128x13
INFO: ms_gauden.c(244):  128x13
INFO: ms_gauden.c(244):  128x13
INFO: ms_gauden.c(127): Reading mixture gaussian parameter: /usr/local/lib/python2.7/dist-packages/pocketsphinx/model/en-us/variances
INFO: ms_gauden.c(242): 42 codebook, 3 feature, size: 
INFO: ms_gauden.c(244):  128x13
INFO: ms_gauden.c(244):  128x13
INFO: ms_gauden.c(244):  128x13
INFO: ms_gauden.c(304): 222 variance values floored
INFO: ptm_mgau.c(476): Loading senones from dump file /usr/local/lib/python2.7/dist-packages/pocketsphinx/model/en-us/sendump
INFO: ptm_mgau.c(500): BEGIN FILE FORMAT DESCRIPTION
INFO: ptm_mgau.c(563): Rows: 128, Columns: 5126
INFO: ptm_mgau.c(595): Using memory-mapped I/O for senones
INFO: ptm_mgau.c(838): Maximum top-N: 4
INFO: phone_loop_search.c(114): State beam -225 Phone exit beam -225 Insertion penalty 0
INFO: dict.c(320): Allocating 4285 * 32 bytes (133 KiB) for word entries
INFO: dict.c(333): Reading main dictionary: dictionary.dic
ERROR: "dict.c", line 205: Line 58: Failed to add the word 'GO' (duplicate?); ignored
ERROR: "dict.c", line 205: Line 76: Failed to add the word 'KITCHEN' (duplicate?); ignored
ERROR: "dict.c", line 205: Line 98: Failed to add the word 'ON' (duplicate?); ignored
ERROR: "dict.c", line 205: Line 99: Failed to add the word 'ON(2)' (duplicate?); ignored
ERROR: "dict.c", line 205: Line 145: Failed to add the word 'THE' (duplicate?); ignored
ERROR: "dict.c", line 205: Line 146: Failed to add the word 'THE(2)' (duplicate?); ignored
ERROR: "dict.c", line 205: Line 155: Failed to add the word 'TURN' (duplicate?); ignored
INFO: dict.c(213): Dictionary size 177, allocated 0 KiB for strings, 1 KiB for phones
INFO: dict.c(336): 177 words read
INFO: dict.c(358): Reading filler dictionary: /usr/local/lib/python2.7/dist-packages/pocketsphinx/model/en-us/noisedict
INFO: dict.c(213): Dictionary size 182, allocated 0 KiB for strings, 0 KiB for phones
INFO: dict.c(361): 5 words read
INFO: dict2pid.c(396): Building PID tables for dictionary
INFO: dict2pid.c(406): Allocating 42^3 * 2 bytes (144 KiB) for word-initial triphones
INFO: dict2pid.c(132): Allocated 42672 bytes (41 KiB) for word-final triphones
INFO: dict2pid.c(196): Allocated 42672 bytes (41 KiB) for single-phone word triphones
INFO: ngram_model_trie.c(354): Trying to read LM in trie binary format
INFO: ngram_model_trie.c(365): Header doesn't match
INFO: ngram_model_trie.c(177): Trying to read LM in arpa format
INFO: ngram_model_trie.c(193): LM of order 3
INFO: ngram_model_trie.c(195): #1-grams: 136
INFO: ngram_model_trie.c(195): #2-grams: 278
INFO: ngram_model_trie.c(195): #3-grams: 295
INFO: lm_trie.c(474): Training quantizer
INFO: lm_trie.c(482): Building LM trie
INFO: ngram_search_fwdtree.c(74): Initializing search tree
INFO: ngram_search_fwdtree.c(101): 112 unique initial diphones
INFO: ngram_search_fwdtree.c(186): Creating search channels
INFO: ngram_search_fwdtree.c(323): Max nonroot chan increased to 438
INFO: ngram_search_fwdtree.c(333): Created 106 root, 310 non-root channels, 8 single-phone words
INFO: ngram_search_fwdflat.c(157): fwdflat: min_ef_width = 4, max_sf_win = 25
INFO: ngram_search.c(467): Resized score stack to 200000 entries
INFO: ngram_search.c(459): Resized backpointer table to 10000 entries
INFO: cmn_live.c(120): Update from < 41.00 -5.29 -0.12  5.09  2.48 -4.07 -1.37 -1.78 -5.08 -2.05 -6.45 -1.42  1.17 >
INFO: cmn_live.c(138): Update to   < 57.23 12.44 -6.69  7.34 -1.29  0.20 10.22  3.41 -8.53 -1.74 -2.16 -0.96 -2.53 >
INFO: ngram_search_fwdtree.c(1550):     5550 words recognized (28/fr)
INFO: ngram_search_fwdtree.c(1552):   246585 senones evaluated (1245/fr)
INFO: ngram_search_fwdtree.c(1556):   182050 channels searched (919/fr), 20504 1st, 119518 last
INFO: ngram_search_fwdtree.c(1559):     7393 words for which last channels evaluated (37/fr)
INFO: ngram_search_fwdtree.c(1561):    13577 candidate words for entering last phone (68/fr)
INFO: ngram_search_fwdtree.c(1564): fwdtree 0.33 CPU 0.168 xRT
INFO: ngram_search_fwdtree.c(1567): fwdtree 2.06 wall 1.040 xRT
INFO: ngram_search_fwdflat.c(302): Utterance vocabulary contains 71 words
INFO: ngram_search_fwdflat.c(948):     4127 words recognized (21/fr)
INFO: ngram_search_fwdflat.c(950):   193472 senones evaluated (977/fr)
INFO: ngram_search_fwdflat.c(952):   235092 channels searched (1187/fr)
INFO: ngram_search_fwdflat.c(954):    10906 words searched (55/fr)
INFO: ngram_search_fwdflat.c(957):     7020 word transitions (35/fr)
INFO: ngram_search_fwdflat.c(960): fwdflat 0.14 CPU 0.073 xRT
INFO: ngram_search_fwdflat.c(963): fwdflat 0.14 wall 0.072 xRT
INFO: ngram_search.c(1250): lattice start node <s>.0 end node </s>.188
INFO: ngram_search.c(1276): Eliminated 0 nodes before end node
INFO: ngram_search.c(1381): Lattice has 543 nodes, 4772 links
INFO: ps_lattice.c(1380): Bestpath score: -9388
INFO: ps_lattice.c(1384): Normalizer P(O) = alpha(</s>:188:196) = -521227
INFO: ps_lattice.c(1441): Joint P(O,S) = -577494 P(S|O) = -56267
INFO: ngram_search.c(872): bestpath 0.01 CPU 0.006 xRT
INFO: ngram_search.c(875): bestpath 0.01 wall 0.006 xRT
INFO: cmn_live.c(120): Update from < 57.23 12.44 -6.69  7.34 -1.29  0.20 10.22  3.41 -8.53 -1.74 -2.16 -0.96 -2.53 >
INFO: cmn_live.c(138): Update to   < 53.37 11.39 -5.70  9.35  0.17  1.04  7.59  1.27 -9.63 -2.61 -0.22  1.80  0.97 >
INFO: ngram_search_fwdtree.c(1550):      710 words recognized (7/fr)
INFO: ngram_search_fwdtree.c(1552):    86365 senones evaluated (815/fr)
INFO: ngram_search_fwdtree.c(1556):    42382 channels searched (399/fr), 10812 1st, 14558 last
INFO: ngram_search_fwdtree.c(1559):     1346 words for which last channels evaluated (12/fr)
INFO: ngram_search_fwdtree.c(1561):     3110 candidate words for entering last phone (29/fr)
INFO: ngram_search_fwdtree.c(1564): fwdtree 0.14 CPU 0.136 xRT
INFO: ngram_search_fwdtree.c(1567): fwdtree 1.15 wall 1.090 xRT
INFO: ngram_search_fwdflat.c(302): Utterance vocabulary contains 4 words
INFO: ngram_search_fwdflat.c(948):      511 words recognized (5/fr)
INFO: ngram_search_fwdflat.c(950):     8224 senones evaluated (78/fr)
INFO: ngram_search_fwdflat.c(952):     5434 channels searched (51/fr)
INFO: ngram_search_fwdflat.c(954):      712 words searched (6/fr)
INFO: ngram_search_fwdflat.c(957):      145 word transitions (1/fr)
INFO: ngram_search_fwdflat.c(960): fwdflat 0.02 CPU 0.023 xRT
INFO: ngram_search_fwdflat.c(963): fwdflat 0.02 wall 0.021 xRT
INFO: ngram_search.c(1250): lattice start node <s>.0 end node </s>.55
INFO: ngram_search.c(1276): Eliminated 2 nodes before end node
INFO: ngram_search.c(1381): Lattice has 172 nodes, 251 links
INFO: ps_lattice.c(1380): Bestpath score: -1201
INFO: ps_lattice.c(1384): Normalizer P(O) = alpha(</s>:55:104) = -83020
INFO: ps_lattice.c(1441): Joint P(O,S) = -93809 P(S|O) = -10789
INFO: ngram_search.c(872): bestpath 0.00 CPU 0.000 xRT
INFO: ngram_search.c(875): bestpath 0.00 wall 0.000 xRT
INFO: cmn_live.c(120): Update from < 53.37 11.39 -5.70  9.35  0.17  1.04  7.59  1.27 -9.63 -2.61 -0.22  1.80  0.97 >
INFO: cmn_live.c(138): Update to   < 51.22 10.10 -5.89  9.57  1.64  3.18  7.50  2.00 -9.93 -2.63 -0.25  1.29  1.40 >
INFO: ngram_search_fwdtree.c(1550):      726 words recognized (6/fr)
INFO: ngram_search_fwdtree.c(1552):    86873 senones evaluated (749/fr)
INFO: ngram_search_fwdtree.c(1556):    41461 channels searched (357/fr), 11872 1st, 12633 last
INFO: ngram_search_fwdtree.c(1559):     1350 words for which last channels evaluated (11/fr)
INFO: ngram_search_fwdtree.c(1561):     2614 candidate words for entering last phone (22/fr)
INFO: ngram_search_fwdtree.c(1564): fwdtree 0.17 CPU 0.145 xRT
INFO: ngram_search_fwdtree.c(1567): fwdtree 1.24 wall 1.067 xRT
INFO: ngram_search_fwdflat.c(302): Utterance vocabulary contains 6 words
INFO: ngram_search_fwdflat.c(948):      558 words recognized (5/fr)
INFO: ngram_search_fwdflat.c(950):    13849 senones evaluated (119/fr)
INFO: ngram_search_fwdflat.c(952):     8505 channels searched (73/fr)
INFO: ngram_search_fwdflat.c(954):      874 words searched (7/fr)
INFO: ngram_search_fwdflat.c(957):      267 word transitions (2/fr)
INFO: ngram_search_fwdflat.c(960): fwdflat 0.04 CPU 0.034 xRT
INFO: ngram_search_fwdflat.c(963): fwdflat 0.04 wall 0.037 xRT
INFO: ngram_search.c(1250): lattice start node <s>.0 end node </s>.98
INFO: ngram_search.c(1276): Eliminated 2 nodes before end node
INFO: ngram_search.c(1381): Lattice has 196 nodes, 476 links
INFO: ps_lattice.c(1380): Bestpath score: -962
INFO: ps_lattice.c(1384): Normalizer P(O) = alpha(</s>:98:114) = -54109
INFO: ps_lattice.c(1441): Joint P(O,S) = -65342 P(S|O) = -11233
INFO: ngram_search.c(872): bestpath 0.00 CPU 0.003 xRT
INFO: ngram_search.c(875): bestpath 0.00 wall 0.001 xRT
INFO: cmn_live.c(120): Update from < 51.22 10.10 -5.89  9.57  1.64  3.18  7.50  2.00 -9.93 -2.63 -0.25  1.29  1.40 >
INFO: cmn_live.c(138): Update to   < 49.93  9.36 -6.56  8.52  2.85  3.39  8.01  2.62 -8.59 -2.03  0.95  0.91  2.01 >
INFO: ngram_search_fwdtree.c(1550):     1411 words recognized (11/fr)
INFO: ngram_search_fwdtree.c(1552):   114129 senones evaluated (865/fr)
INFO: ngram_search_fwdtree.c(1556):    63165 channels searched (478/fr), 13568 1st, 29996 last
INFO: ngram_search_fwdtree.c(1559):     2243 words for which last channels evaluated (16/fr)
INFO: ngram_search_fwdtree.c(1561):     2852 candidate words for entering last phone (21/fr)
INFO: ngram_search_fwdtree.c(1564): fwdtree 0.20 CPU 0.148 xRT
INFO: ngram_search_fwdtree.c(1567): fwdtree 1.47 wall 1.114 xRT
INFO: ngram_search_fwdflat.c(302): Utterance vocabulary contains 29 words
INFO: ngram_search_fwdflat.c(948):     1042 words recognized (8/fr)
INFO: ngram_search_fwdflat.c(950):    54652 senones evaluated (414/fr)
INFO: ngram_search_fwdflat.c(952):    46815 channels searched (354/fr)
INFO: ngram_search_fwdflat.c(954):     2721 words searched (20/fr)
INFO: ngram_search_fwdflat.c(957):     1457 word transitions (11/fr)
INFO: ngram_search_fwdflat.c(960): fwdflat 0.06 CPU 0.045 xRT
INFO: ngram_search_fwdflat.c(963): fwdflat 0.06 wall 0.046 xRT
INFO: ngram_search.c(1250): lattice start node <s>.0 end node </s>.29
INFO: ngram_search.c(1276): Eliminated 2 nodes before end node
INFO: ngram_search.c(1381): Lattice has 270 nodes, 273 links
INFO: ps_lattice.c(1380): Bestpath score: -1527
INFO: ps_lattice.c(1384): Normalizer P(O) = alpha(</s>:29:130) = -142560
INFO: ps_lattice.c(1441): Joint P(O,S) = -157194 P(S|O) = -14634
INFO: ngram_search.c(872): bestpath 0.00 CPU 0.000 xRT
INFO: ngram_search.c(875): bestpath 0.00 wall 0.001 xRT
INFO: cmn_live.c(120): Update from < 49.93  9.36 -6.56  8.52  2.85  3.39  8.01  2.62 -8.59 -2.03  0.95  0.91  2.01 >
INFO: cmn_live.c(138): Update to   < 49.83  8.47 -7.05  8.98  3.32  4.53  8.47  3.08 -8.66 -1.81  0.78  1.11  1.35 >
INFO: ngram_search_fwdtree.c(1550):     3588 words recognized (18/fr)
INFO: ngram_search_fwdtree.c(1552):   219855 senones evaluated (1105/fr)
INFO: ngram_search_fwdtree.c(1556):   154769 channels searched (777/fr), 20670 1st, 96132 last
INFO: ngram_search_fwdtree.c(1559):     5502 words for which last channels evaluated (27/fr)
INFO: ngram_search_fwdtree.c(1561):     8698 candidate words for entering last phone (43/fr)
INFO: ngram_search_fwdtree.c(1564): fwdtree 0.30 CPU 0.153 xRT
INFO: ngram_search_fwdtree.c(1567): fwdtree 2.76 wall 1.387 xRT
INFO: ngram_search_fwdflat.c(302): Utterance vocabulary contains 68 words
INFO: ngram_search_fwdflat.c(948):     2803 words recognized (14/fr)
INFO: ngram_search_fwdflat.c(950):   172409 senones evaluated (866/fr)
INFO: ngram_search_fwdflat.c(952):   205190 channels searched (1031/fr)
INFO: ngram_search_fwdflat.c(954):     9958 words searched (50/fr)
INFO: ngram_search_fwdflat.c(957):     5982 word transitions (30/fr)
INFO: ngram_search_fwdflat.c(960): fwdflat 0.13 CPU 0.066 xRT
INFO: ngram_search_fwdflat.c(963): fwdflat 0.13 wall 0.065 xRT
INFO: ngram_search.c(1250): lattice start node <s>.0 end node </s>.140
INFO: ngram_search.c(1276): Eliminated 0 nodes before end node
INFO: ngram_search.c(1381): Lattice has 504 nodes, 3518 links
INFO: ps_lattice.c(1380): Bestpath score: -5224
INFO: ps_lattice.c(1384): Normalizer P(O) = alpha(</s>:140:197) = -328808
INFO: ps_lattice.c(1441): Joint P(O,S) = -365297 P(S|O) = -36489
INFO: ngram_search.c(872): bestpath 0.00 CPU 0.002 xRT
INFO: ngram_search.c(875): bestpath 0.01 wall 0.003 xRT
INFO: cmn_live.c(88): Update from < 49.83  8.47 -7.05  8.98  3.32  4.53  8.47  3.08 -8.66 -1.81  0.78  1.11  1.35 >
INFO: cmn_live.c(105): Update to   < 49.64  8.56 -6.88  9.31  3.53  4.73  8.54  3.12 -9.04 -2.12  0.25  0.62  0.87 >
INFO: cmn_live.c(120): Update from < 49.64  8.56 -6.88  9.31  3.53  4.73  8.54  3.12 -9.04 -2.12  0.25  0.62  0.87 >
INFO: cmn_live.c(138): Update to   < 49.33  8.50 -6.92  9.52  3.94  5.05  8.64  3.30 -9.38 -2.46 -0.33 -0.01  0.13 >
INFO: ngram_search_fwdtree.c(1550):      503 words recognized (7/fr)
INFO: ngram_search_fwdtree.c(1552):    55868 senones evaluated (810/fr)
INFO: ngram_search_fwdtree.c(1556):    28066 channels searched (406/fr), 6890 1st, 10249 last
INFO: ngram_search_fwdtree.c(1559):      912 words for which last channels evaluated (13/fr)
INFO: ngram_search_fwdtree.c(1561):     2339 candidate words for entering last phone (33/fr)
INFO: ngram_search_fwdtree.c(1564): fwdtree 0.13 CPU 0.186 xRT
INFO: ngram_search_fwdtree.c(1567): fwdtree 1.39 wall 2.011 xRT
INFO: ngram_search_fwdflat.c(302): Utterance vocabulary contains 6 words
INFO: ngram_search_fwdflat.c(948):      350 words recognized (5/fr)
INFO: ngram_search_fwdflat.c(950):     7019 senones evaluated (102/fr)
INFO: ngram_search_fwdflat.c(952):     5270 channels searched (76/fr)
INFO: ngram_search_fwdflat.c(954):      576 words searched (8/fr)
INFO: ngram_search_fwdflat.c(957):      219 word transitions (3/fr)
INFO: ngram_search_fwdflat.c(960): fwdflat 0.03 CPU 0.041 xRT
INFO: ngram_search_fwdflat.c(963): fwdflat 0.03 wall 0.040 xRT
INFO: ngram_search.c(1250): lattice start node <s>.0 end node </s>.17
INFO: ngram_search.c(1276): Eliminated 2 nodes before end node
INFO: ngram_search.c(1381): Lattice has 107 nodes, 46 links
INFO: ps_lattice.c(1380): Bestpath score: -663
INFO: ps_lattice.c(1384): Normalizer P(O) = alpha(</s>:17:67) = -64703
INFO: ps_lattice.c(1441): Joint P(O,S) = -74660 P(S|O) = -9957
INFO: ngram_search.c(872): bestpath 0.00 CPU 0.000 xRT
INFO: ngram_search.c(875): bestpath 0.00 wall 0.000 xRT
INFO: cmn_live.c(120): Update from < 49.33  8.50 -6.92  9.52  3.94  5.05  8.64  3.30 -9.38 -2.46 -0.33 -0.01  0.13 >
INFO: cmn_live.c(138): Update to   < 49.54  7.74 -6.70 10.26  5.34  6.03  8.08  3.09 -10.22 -3.84 -1.09 -0.70 -1.08 >
INFO: ngram_search_fwdtree.c(1550):     3597 words recognized (14/fr)
INFO: ngram_search_fwdtree.c(1552):   260564 senones evaluated (1026/fr)
INFO: ngram_search_fwdtree.c(1556):   164083 channels searched (645/fr), 26358 1st, 92498 last
INFO: ngram_search_fwdtree.c(1559):     5827 words for which last channels evaluated (22/fr)
INFO: ngram_search_fwdtree.c(1561):     9434 candidate words for entering last phone (37/fr)
INFO: ngram_search_fwdtree.c(1564): fwdtree 0.36 CPU 0.142 xRT
INFO: ngram_search_fwdtree.c(1567): fwdtree 3.28 wall 1.290 xRT
INFO: ngram_search_fwdflat.c(302): Utterance vocabulary contains 55 words
INFO: ngram_search_fwdflat.c(948):     2698 words recognized (11/fr)
INFO: ngram_search_fwdflat.c(950):   173564 senones evaluated (683/fr)
INFO: ngram_search_fwdflat.c(952):   165470 channels searched (651/fr)
INFO: ngram_search_fwdflat.c(954):     8309 words searched (32/fr)
INFO: ngram_search_fwdflat.c(957):     4624 word transitions (18/fr)
INFO: ngram_search_fwdflat.c(960): fwdflat 0.13 CPU 0.052 xRT
INFO: ngram_search_fwdflat.c(963): fwdflat 0.13 wall 0.052 xRT
INFO: ngram_search.c(1250): lattice start node <s>.0 end node </s>.206
INFO: ngram_search.c(1276): Eliminated 1 nodes before end node
INFO: ngram_search.c(1381): Lattice has 577 nodes, 3719 links
INFO: ps_lattice.c(1380): Bestpath score: -5687
INFO: ps_lattice.c(1384): Normalizer P(O) = alpha(</s>:206:252) = -357792
INFO: ps_lattice.c(1441): Joint P(O,S) = -377168 P(S|O) = -19376
INFO: ngram_search.c(872): bestpath 0.01 CPU 0.003 xRT
INFO: ngram_search.c(875): bestpath 0.01 wall 0.003 xRT
INFO: cmn_live.c(88): Update from < 49.54  7.74 -6.70 10.26  5.34  6.03  8.08  3.09 -10.22 -3.84 -1.09 -0.70 -1.08 >
INFO: cmn_live.c(105): Update to   < 49.54  7.87 -6.69 10.26  5.27  5.97  8.14  3.11 -10.24 -3.72 -1.15 -0.76 -1.26 >
INFO: cmn_live.c(120): Update from < 49.54  7.87 -6.69 10.26  5.27  5.97  8.14  3.11 -10.24 -3.72 -1.15 -0.76 -1.26 >
INFO: cmn_live.c(138): Update to   < 50.42 10.00 -6.99 10.05  2.62  3.99  8.94  2.34 -11.14 -3.16 -1.24 -0.44 -1.68 >
INFO: ngram_search_fwdtree.c(1550):     1072 words recognized (12/fr)
INFO: ngram_search_fwdtree.c(1552):    77017 senones evaluated (837/fr)
INFO: ngram_search_fwdtree.c(1556):    46637 channels searched (506/fr), 8636 1st, 23526 last
INFO: ngram_search_fwdtree.c(1559):     1691 words for which last channels evaluated (18/fr)
INFO: ngram_search_fwdtree.c(1561):     3619 candidate words for entering last phone (39/fr)
INFO: ngram_search_fwdtree.c(1564): fwdtree 0.16 CPU 0.174 xRT
INFO: ngram_search_fwdtree.c(1567): fwdtree 1.71 wall 1.862 xRT
INFO: ngram_search_fwdflat.c(302): Utterance vocabulary contains 39 words
INFO: ngram_search_fwdflat.c(948):      910 words recognized (10/fr)
INFO: ngram_search_fwdflat.c(950):    41062 senones evaluated (446/fr)
INFO: ngram_search_fwdflat.c(952):    46091 channels searched (500/fr)
INFO: ngram_search_fwdflat.c(954):     2453 words searched (26/fr)
INFO: ngram_search_fwdflat.c(957):     1413 word transitions (15/fr)
INFO: ngram_search_fwdflat.c(960): fwdflat 0.04 CPU 0.048 xRT
INFO: ngram_search_fwdflat.c(963): fwdflat 0.04 wall 0.047 xRT
INFO: ngram_search.c(1250): lattice start node <s>.0 end node </s>.51
INFO: ngram_search.c(1276): Eliminated 2 nodes before end node
INFO: ngram_search.c(1381): Lattice has 154 nodes, 284 links
INFO: ps_lattice.c(1380): Bestpath score: -2191
INFO: ps_lattice.c(1384): Normalizer P(O) = alpha(</s>:51:90) = -173102
INFO: ps_lattice.c(1441): Joint P(O,S) = -191664 P(S|O) = -18562
INFO: ngram_search.c(872): bestpath 0.00 CPU 0.000 xRT
INFO: ngram_search.c(875): bestpath 0.00 wall 0.001 xRT
INFO: cmn_live.c(120): Update from < 50.42 10.00 -6.99 10.05  2.62  3.99  8.94  2.34 -11.14 -3.16 -1.24 -0.44 -1.68 >
INFO: cmn_live.c(138): Update to   < 51.00 11.52 -7.63 10.01  1.84  3.66  9.06  2.13 -11.85 -2.84 -1.35 -0.78 -3.11 >
INFO: ngram_search_fwdtree.c(1550):     1419 words recognized (13/fr)
INFO: ngram_search_fwdtree.c(1552):    94043 senones evaluated (887/fr)
INFO: ngram_search_fwdtree.c(1556):    63931 channels searched (603/fr), 9194 1st, 38514 last
INFO: ngram_search_fwdtree.c(1559):     2207 words for which last channels evaluated (20/fr)
INFO: ngram_search_fwdtree.c(1561):     3968 candidate words for entering last phone (37/fr)
INFO: ngram_search_fwdtree.c(1564): fwdtree 0.21 CPU 0.196 xRT
INFO: ngram_search_fwdtree.c(1567): fwdtree 2.84 wall 2.680 xRT
INFO: ngram_search_fwdflat.c(302): Utterance vocabulary contains 59 words
INFO: ngram_search_fwdflat.c(948):     1242 words recognized (12/fr)
INFO: ngram_search_fwdflat.c(950):    69110 senones evaluated (652/fr)
INFO: ngram_search_fwdflat.c(952):    74225 channels searched (700/fr)
INFO: ngram_search_fwdflat.c(954):     3833 words searched (36/fr)
INFO: ngram_search_fwdflat.c(957):     2549 word transitions (24/fr)
INFO: ngram_search_fwdflat.c(960): fwdflat 0.06 CPU 0.057 xRT
INFO: ngram_search_fwdflat.c(963): fwdflat 0.06 wall 0.059 xRT
INFO: ngram_search.c(1250): lattice start node <s>.0 end node </s>.61
INFO: ngram_search.c(1276): Eliminated 1 nodes before end node
INFO: ngram_search.c(1381): Lattice has 206 nodes, 987 links
INFO: ps_lattice.c(1380): Bestpath score: -3213
INFO: ps_lattice.c(1384): Normalizer P(O) = alpha(</s>:61:104) = -226172
INFO: ps_lattice.c(1441): Joint P(O,S) = -273153 P(S|O) = -46981
INFO: ngram_search.c(872): bestpath 0.00 CPU 0.004 xRT
INFO: ngram_search.c(875): bestpath 0.00 wall 0.001 xRT
INFO: cmn_live.c(88): Update from < 51.00 11.52 -7.63 10.01  1.84  3.66  9.06  2.13 -11.85 -2.84 -1.35 -0.78 -3.11 >
INFO: cmn_live.c(105): Update to   < 51.73 12.68 -7.68  9.81  0.46  3.23  9.32  1.84 -12.16 -2.64 -1.51 -1.12 -3.71 >
INFO: cmn_live.c(120): Update from < 51.73 12.68 -7.68  9.81  0.46  3.23  9.32  1.84 -12.16 -2.64 -1.51 -1.12 -3.71 >
INFO: cmn_live.c(138): Update to   < 49.75 10.80 -6.97 10.87  3.47  5.32  9.10  2.18 -12.62 -4.34 -3.15 -3.10 -5.56 >
INFO: ngram_search_fwdtree.c(1550):     2531 words recognized (8/fr)
INFO: ngram_search_fwdtree.c(1552):   273722 senones evaluated (845/fr)
INFO: ngram_search_fwdtree.c(1556):   148511 channels searched (458/fr), 32620 1st, 63793 last
INFO: ngram_search_fwdtree.c(1559):     4582 words for which last channels evaluated (14/fr)
INFO: ngram_search_fwdtree.c(1561):    10101 candidate words for entering last phone (31/fr)
INFO: ngram_search_fwdtree.c(1564): fwdtree 0.43 CPU 0.133 xRT
INFO: ngram_search_fwdtree.c(1567): fwdtree 3.88 wall 1.199 xRT
INFO: ngram_search_fwdflat.c(302): Utterance vocabulary contains 47 words
INFO: ngram_search_fwdflat.c(948):     2188 words recognized (7/fr)
INFO: ngram_search_fwdflat.c(950):   107414 senones evaluated (332/fr)
INFO: ngram_search_fwdflat.c(952):    95556 channels searched (294/fr)
INFO: ngram_search_fwdflat.c(954):     5941 words searched (18/fr)
INFO: ngram_search_fwdflat.c(957):     3104 word transitions (9/fr)
INFO: ngram_search_fwdflat.c(960): fwdflat 0.12 CPU 0.038 xRT
INFO: ngram_search_fwdflat.c(963): fwdflat 0.13 wall 0.039 xRT
INFO: ngram_search.c(1250): lattice start node <s>.0 end node </s>.66
INFO: ngram_search.c(1276): Eliminated 2 nodes before end node
INFO: ngram_search.c(1381): Lattice has 562 nodes, 307 links
INFO: ps_lattice.c(1380): Bestpath score: -3466
INFO: ps_lattice.c(1384): Normalizer P(O) = alpha(</s>:66:322) = -354690
INFO: ps_lattice.c(1441): Joint P(O,S) = -401230 P(S|O) = -46540
INFO: ngram_search.c(872): bestpath 0.00 CPU 0.001 xRT
INFO: ngram_search.c(875): bestpath 0.00 wall 0.001 xRT
INFO: cmn_live.c(88): Update from < 49.75 10.80 -6.97 10.87  3.47  5.32  9.10  2.18 -12.62 -4.34 -3.15 -3.10 -5.56 >
INFO: cmn_live.c(105): Update to   < 50.26  9.99 -7.01 10.94  3.93  5.25  8.80  2.00 -11.83 -4.50 -3.49 -4.04 -6.45 >
INFO: cmn_live.c(120): Update from < 50.26  9.99 -7.01 10.94  3.93  5.25  8.80  2.00 -11.83 -4.50 -3.49 -4.04 -6.45 >
INFO: cmn_live.c(138): Update to   < 49.56  9.94 -6.61 10.94  4.41  5.51  8.47  2.19 -11.75 -4.62 -3.62 -4.05 -6.68 >
INFO: ngram_search_fwdtree.c(1550):     2088 words recognized (13/fr)
INFO: ngram_search_fwdtree.c(1552):   140953 senones evaluated (886/fr)
INFO: ngram_search_fwdtree.c(1556):    84653 channels searched (532/fr), 16295 1st, 44838 last
INFO: ngram_search_fwdtree.c(1559):     3073 words for which last channels evaluated (19/fr)
INFO: ngram_search_fwdtree.c(1561):     4731 candidate words for entering last phone (29/fr)
INFO: ngram_search_fwdtree.c(1564): fwdtree 0.22 CPU 0.138 xRT
INFO: ngram_search_fwdtree.c(1567): fwdtree 1.70 wall 1.067 xRT
INFO: ngram_search_fwdflat.c(302): Utterance vocabulary contains 40 words
INFO: ngram_search_fwdflat.c(948):     1591 words recognized (10/fr)
INFO: ngram_search_fwdflat.c(950):    91877 senones evaluated (578/fr)
INFO: ngram_search_fwdflat.c(952):    91009 channels searched (572/fr)
INFO: ngram_search_fwdflat.c(954):     4652 words searched (29/fr)
INFO: ngram_search_fwdflat.c(957):     2620 word transitions (16/fr)
INFO: ngram_search_fwdflat.c(960): fwdflat 0.08 CPU 0.048 xRT
INFO: ngram_search_fwdflat.c(963): fwdflat 0.08 wall 0.048 xRT
INFO: ngram_search.c(1250): lattice start node <s>.0 end node </s>.89
INFO: ngram_search.c(1276): Eliminated 1 nodes before end node
INFO: ngram_search.c(1381): Lattice has 373 nodes, 1750 links
INFO: ps_lattice.c(1380): Bestpath score: -3436
INFO: ps_lattice.c(1384): Normalizer P(O) = alpha(</s>:89:157) = -227623
INFO: ps_lattice.c(1441): Joint P(O,S) = -262773 P(S|O) = -35150
INFO: ngram_search.c(872): bestpath 0.00 CPU 0.003 xRT
INFO: ngram_search.c(875): bestpath 0.00 wall 0.002 xRT
INFO: cmn_live.c(88): Update from < 49.56  9.94 -6.61 10.94  4.41  5.51  8.47  2.19 -11.75 -4.62 -3.62 -4.05 -6.68 >
INFO: cmn_live.c(105): Update to   < 49.17 10.79 -6.38 10.75  4.80  5.23  8.11  1.38 -11.11 -2.95 -3.55 -5.44 -7.32 >
INFO: cmn_live.c(120): Update from < 49.17 10.79 -6.38 10.75  4.80  5.23  8.11  1.38 -11.11 -2.95 -3.55 -5.44 -7.32 >
INFO: cmn_live.c(138): Update to   < 48.65 10.62 -6.69 10.92  5.33  5.70  8.43  1.89 -10.81 -3.45 -3.72 -5.41 -7.19 >
INFO: ngram_search_fwdtree.c(1550):     2318 words recognized (8/fr)
INFO: ngram_search_fwdtree.c(1552):   230109 senones evaluated (799/fr)
INFO: ngram_search_fwdtree.c(1556):   117724 channels searched (408/fr), 29350 1st, 44311 last
INFO: ngram_search_fwdtree.c(1559):     3738 words for which last channels evaluated (12/fr)
INFO: ngram_search_fwdtree.c(1561):     7856 candidate words for entering last phone (27/fr)
INFO: ngram_search_fwdtree.c(1564): fwdtree 0.40 CPU 0.140 xRT
INFO: ngram_search_fwdtree.c(1567): fwdtree 4.28 wall 1.485 xRT
INFO: ngram_search_fwdflat.c(302): Utterance vocabulary contains 49 words
INFO: ngram_search_fwdflat.c(948):     2045 words recognized (7/fr)
INFO: ngram_search_fwdflat.c(950):   117960 senones evaluated (410/fr)
INFO: ngram_search_fwdflat.c(952):   107858 channels searched (374/fr)
INFO: ngram_search_fwdflat.c(954):     6091 words searched (21/fr)
INFO: ngram_search_fwdflat.c(957):     3364 word transitions (11/fr)
INFO: ngram_search_fwdflat.c(960): fwdflat 0.12 CPU 0.042 xRT
INFO: ngram_search_fwdflat.c(963): fwdflat 0.12 wall 0.042 xRT
INFO: ngram_search.c(1250): lattice start node <s>.0 end node </s>.102
INFO: ngram_search.c(1276): Eliminated 1 nodes before end node
INFO: ngram_search.c(1381): Lattice has 547 nodes, 991 links
INFO: ps_lattice.c(1380): Bestpath score: -3556
INFO: ps_lattice.c(1384): Normalizer P(O) = alpha(</s>:102:286) = -289562
INFO: ps_lattice.c(1441): Joint P(O,S) = -324073 P(S|O) = -34511
INFO: ngram_search.c(872): bestpath 0.00 CPU 0.001 xRT
INFO: ngram_search.c(875): bestpath 0.00 wall 0.001 xRT
INFO: cmn_live.c(120): Update from < 48.65 10.62 -6.69 10.92  5.33  5.70  8.43  1.89 -10.81 -3.45 -3.72 -5.41 -7.19 >
INFO: cmn_live.c(138): Update to   < 49.02 10.64 -6.64 11.67  5.40  5.02  8.35  1.63 -11.16 -2.81 -3.91 -5.69 -7.28 >
INFO: ngram_search_fwdtree.c(1550):     2453 words recognized (23/fr)
INFO: ngram_search_fwdtree.c(1552):   109276 senones evaluated (1012/fr)
INFO: ngram_search_fwdtree.c(1556):    85609 channels searched (792/fr), 10994 1st, 58463 last
INFO: ngram_search_fwdtree.c(1559):     3471 words for which last channels evaluated (32/fr)
INFO: ngram_search_fwdtree.c(1561):     3378 candidate words for entering last phone (31/fr)
INFO: ngram_search_fwdtree.c(1564): fwdtree 0.17 CPU 0.159 xRT
INFO: ngram_search_fwdtree.c(1567): fwdtree 1.55 wall 1.435 xRT
INFO: ngram_search_fwdflat.c(302): Utterance vocabulary contains 80 words
INFO: ngram_search_fwdflat.c(948):     2393 words recognized (22/fr)
INFO: ngram_search_fwdflat.c(950):   103234 senones evaluated (956/fr)
INFO: ngram_search_fwdflat.c(952):   136675 channels searched (1265/fr)
INFO: ngram_search_fwdflat.c(954):     6625 words searched (61/fr)
INFO: ngram_search_fwdflat.c(957):     4172 word transitions (38/fr)
INFO: ngram_search_fwdflat.c(960): fwdflat 0.10 CPU 0.093 xRT
INFO: ngram_search_fwdflat.c(963): fwdflat 0.10 wall 0.092 xRT
INFO: ngram_search.c(1250): lattice start node <s>.0 end node </s>.63
INFO: ngram_search.c(1276): Eliminated 2 nodes before end node
INFO: ngram_search.c(1381): Lattice has 361 nodes, 3903 links
INFO: ps_lattice.c(1380): Bestpath score: -3721
INFO: ps_lattice.c(1384): Normalizer P(O) = alpha(</s>:63:106) = -205369
INFO: ps_lattice.c(1441): Joint P(O,S) = -260333 P(S|O) = -54964
INFO: ngram_search.c(872): bestpath 0.01 CPU 0.011 xRT
INFO: ngram_search.c(875): bestpath 0.01 wall 0.010 xRT
INFO: cmn_live.c(120): Update from < 49.02 10.64 -6.64 11.67  5.40  5.02  8.35  1.63 -11.16 -2.81 -3.91 -5.69 -7.28 >
INFO: cmn_live.c(138): Update to   < 48.85 10.82 -6.60 11.71  5.55  4.78  7.48  1.45 -10.87 -3.39 -4.29 -5.53 -6.75 >
INFO: ngram_search_fwdtree.c(1550):     2096 words recognized (17/fr)
INFO: ngram_search_fwdtree.c(1552):   130820 senones evaluated (1055/fr)
INFO: ngram_search_fwdtree.c(1556):    85816 channels searched (692/fr), 12720 1st, 48247 last
INFO: ngram_search_fwdtree.c(1559):     2997 words for which last channels evaluated (24/fr)
INFO: ngram_search_fwdtree.c(1561):     6377 candidate words for entering last phone (51/fr)
INFO: ngram_search_fwdtree.c(1564): fwdtree 0.19 CPU 0.155 xRT
INFO: ngram_search_fwdtree.c(1567): fwdtree 1.54 wall 1.244 xRT
INFO: ngram_search_fwdflat.c(302): Utterance vocabulary contains 54 words
INFO: ngram_search_fwdflat.c(948):     1755 words recognized (14/fr)
INFO: ngram_search_fwdflat.c(950):    86372 senones evaluated (697/fr)
INFO: ngram_search_fwdflat.c(952):    98610 channels searched (795/fr)
INFO: ngram_search_fwdflat.c(954):     5081 words searched (40/fr)
INFO: ngram_search_fwdflat.c(957):     2720 word transitions (21/fr)
INFO: ngram_search_fwdflat.c(960): fwdflat 0.07 CPU 0.058 xRT
INFO: ngram_search_fwdflat.c(963): fwdflat 0.07 wall 0.058 xRT
INFO: ngram_search.c(1250): lattice start node <s>.0 end node </s>.48
INFO: ngram_search.c(1276): Eliminated 2 nodes before end node
INFO: ngram_search.c(1381): Lattice has 264 nodes, 1052 links
INFO: ps_lattice.c(1380): Bestpath score: -2545
INFO: ps_lattice.c(1384): Normalizer P(O) = alpha(</s>:48:122) = -208741
INFO: ps_lattice.c(1441): Joint P(O,S) = -235611 P(S|O) = -26870
INFO: ngram_search.c(872): bestpath 0.00 CPU 0.003 xRT
INFO: ngram_search.c(875): bestpath 0.00 wall 0.002 xRT
INFO: cmn_live.c(88): Update from < 48.85 10.82 -6.60 11.71  5.55  4.78  7.48  1.45 -10.87 -3.39 -4.29 -5.53 -6.75 >
INFO: cmn_live.c(105): Update to   < 48.81 10.80 -6.60 11.70  5.61  4.84  7.51  1.49 -10.87 -3.42 -4.32 -5.52 -6.73 >
INFO: cmn_live.c(120): Update from < 48.81 10.80 -6.60 11.70  5.61  4.84  7.51  1.49 -10.87 -3.42 -4.32 -5.52 -6.73 >
INFO: cmn_live.c(138): Update to   < 49.20 11.96 -5.87  9.55  3.59  3.24  7.85  0.95 -10.50 -3.07 -4.46 -4.65 -6.05 >
INFO: ngram_search_fwdtree.c(1550):     1042 words recognized (7/fr)
INFO: ngram_search_fwdtree.c(1552):   100041 senones evaluated (710/fr)
INFO: ngram_search_fwdtree.c(1556):    53587 channels searched (380/fr), 12897 1st, 22870 last
INFO: ngram_search_fwdtree.c(1559):     1724 words for which last channels evaluated (12/fr)
INFO: ngram_search_fwdtree.c(1561):     3213 candidate words for entering last phone (22/fr)
INFO: ngram_search_fwdtree.c(1564): fwdtree 0.22 CPU 0.153 xRT
INFO: ngram_search_fwdtree.c(1567): fwdtree 1.90 wall 1.347 xRT
INFO: ngram_search_fwdflat.c(302): Utterance vocabulary contains 30 words
INFO: ngram_search_fwdflat.c(948):      875 words recognized (6/fr)
INFO: ngram_search_fwdflat.c(950):    49003 senones evaluated (348/fr)
INFO: ngram_search_fwdflat.c(952):    44343 channels searched (314/fr)
INFO: ngram_search_fwdflat.c(954):     2678 words searched (18/fr)
INFO: ngram_search_fwdflat.c(957):     1504 word transitions (10/fr)
INFO: ngram_search_fwdflat.c(960): fwdflat 0.07 CPU 0.051 xRT
INFO: ngram_search_fwdflat.c(963): fwdflat 0.07 wall 0.049 xRT
INFO: ngram_search.c(1250): lattice start node <s>.0 end node </s>.81
INFO: ngram_search.c(1276): Eliminated 1 nodes before end node
INFO: ngram_search.c(1381): Lattice has 197 nodes, 168 links
INFO: ps_lattice.c(1380): Bestpath score: -3303
INFO: ps_lattice.c(1384): Normalizer P(O) = alpha(</s>:81:139) = -228319
INFO: ps_lattice.c(1441): Joint P(O,S) = -254944 P(S|O) = -26625
INFO: ngram_search.c(872): bestpath 0.00 CPU 0.000 xRT
INFO: ngram_search.c(875): bestpath 0.00 wall 0.000 xRT
INFO: cmn_live.c(88): Update from < 49.20 11.96 -5.87  9.55  3.59  3.24  7.85  0.95 -10.50 -3.07 -4.46 -4.65 -6.05 >
INFO: cmn_live.c(105): Update to   < 50.18 13.81 -5.90  9.82  1.78  2.30  8.46  0.18 -10.05 -2.24 -4.50 -3.31 -6.11 >
INFO: cmn_live.c(120): Update from < 50.18 13.81 -5.90  9.82  1.78  2.30  8.46  0.18 -10.05 -2.24 -4.50 -3.31 -6.11 >
INFO: cmn_live.c(138): Update to   < 50.13 13.71 -5.90  9.83  1.83  2.41  8.52  0.24 -10.07 -2.29 -4.57 -3.39 -6.15 >
INFO: ngram_search_fwdtree.c(1550):     2498 words recognized (15/fr)
INFO: ngram_search_fwdtree.c(1552):   168667 senones evaluated (992/fr)
INFO: ngram_search_fwdtree.c(1556):   112411 channels searched (661/fr), 17344 1st, 67478 last
INFO: ngram_search_fwdtree.c(1559):     4018 words for which last channels evaluated (23/fr)
INFO: ngram_search_fwdtree.c(1561):     6113 candidate words for entering last phone (35/fr)
INFO: ngram_search_fwdtree.c(1564): fwdtree 0.38 CPU 0.226 xRT
INFO: ngram_search_fwdtree.c(1567): fwdtree 6.60 wall 3.880 xRT
INFO: ngram_search_fwdflat.c(302): Utterance vocabulary contains 67 words
INFO: ngram_search_fwdflat.c(948):     1929 words recognized (11/fr)
INFO: ngram_search_fwdflat.c(950):   128851 senones evaluated (758/fr)
INFO: ngram_search_fwdflat.c(952):   143220 channels searched (842/fr)
INFO: ngram_search_fwdflat.c(954):     7160 words searched (42/fr)
INFO: ngram_search_fwdflat.c(957):     4879 word transitions (28/fr)
INFO: ngram_search_fwdflat.c(960): fwdflat 0.10 CPU 0.061 xRT
INFO: ngram_search_fwdflat.c(963): fwdflat 0.10 wall 0.061 xRT
INFO: ngram_search.c(1250): lattice start node <s>.0 end node </s>.139
INFO: ngram_search.c(1276): Eliminated 2 nodes before end node
INFO: ngram_search.c(1381): Lattice has 391 nodes, 1635 links
INFO: ps_lattice.c(1380): Bestpath score: -6334
INFO: ps_lattice.c(1384): Normalizer P(O) = alpha(</s>:139:168) = -376873
INFO: ps_lattice.c(1441): Joint P(O,S) = -425939 P(S|O) = -49066
INFO: ngram_search.c(872): bestpath 0.00 CPU 0.002 xRT
INFO: ngram_search.c(875): bestpath 0.00 wall 0.002 xRT
INFO: cmn_live.c(120): Update from < 50.13 13.71 -5.90  9.83  1.83  2.41  8.52  0.24 -10.07 -2.29 -4.57 -3.39 -6.15 >
INFO: cmn_live.c(138): Update to   < 50.34 14.22 -5.64  9.89  2.36  2.60  8.26 -0.79 -10.76 -2.39 -5.70 -3.39 -6.96 >
INFO: ngram_search_fwdtree.c(1550):     2298 words recognized (10/fr)
INFO: ngram_search_fwdtree.c(1552):   185329 senones evaluated (799/fr)
INFO: ngram_search_fwdtree.c(1556):   105382 channels searched (454/fr), 22490 1st, 51204 last
INFO: ngram_search_fwdtree.c(1559):     3577 words for which last channels evaluated (15/fr)
INFO: ngram_search_fwdtree.c(1561):     5480 candidate words for entering last phone (23/fr)
INFO: ngram_search_fwdtree.c(1564): fwdtree 0.32 CPU 0.140 xRT
INFO: ngram_search_fwdtree.c(1567): fwdtree 2.37 wall 1.023 xRT
INFO: ngram_search_fwdflat.c(302): Utterance vocabulary contains 63 words
INFO: ngram_search_fwdflat.c(948):     1623 words recognized (7/fr)
INFO: ngram_search_fwdflat.c(950):   117957 senones evaluated (508/fr)
INFO: ngram_search_fwdflat.c(952):   106122 channels searched (457/fr)
INFO: ngram_search_fwdflat.c(954):     6075 words searched (26/fr)
INFO: ngram_search_fwdflat.c(957):     4126 word transitions (17/fr)
INFO: ngram_search_fwdflat.c(960): fwdflat 0.11 CPU 0.048 xRT
INFO: ngram_search_fwdflat.c(963): fwdflat 0.11 wall 0.047 xRT
INFO: ngram_search.c(1250): lattice start node <s>.0 end node </s>.155
INFO: ngram_search.c(1276): Eliminated 2 nodes before end node
INFO: ngram_search.c(1381): Lattice has 395 nodes, 508 links
INFO: ps_lattice.c(1380): Bestpath score: -6037
INFO: ps_lattice.c(1384): Normalizer P(O) = alpha(</s>:155:230) = -372781
INFO: ps_lattice.c(1441): Joint P(O,S) = -400408 P(S|O) = -27627
INFO: ngram_search.c(872): bestpath 0.00 CPU 0.000 xRT
INFO: ngram_search.c(875): bestpath 0.00 wall 0.001 xRT
INFO: ngram_search_fwdtree.c(429): TOTAL fwdtree 4.34 CPU 0.155 xRT
INFO: ngram_search_fwdtree.c(432): TOTAL fwdtree 41.72 wall 1.489 xRT
INFO: ngram_search_fwdflat.c(176): TOTAL fwdflat 1.44 CPU 0.052 xRT
INFO: ngram_search_fwdflat.c(179): TOTAL fwdflat 1.44 wall 0.051 xRT
INFO: ngram_search.c(303): TOTAL bestpath 0.06 CPU 0.002 xRT
INFO: ngram_search.c(306): TOTAL bestpath 0.06 wall 0.002 xRT
INFO: pocketsphinx.c(152): Parsed model-specific feature parameters from /usr/local/lib/python2.7/dist-packages/pocketsphinx/model/en-us/feat.params
Current configuration:
[NAME]			[DEFLT]		[VALUE]
-agc			none		none
-agcthresh		2.0		2.000000e+00
-allphone				
-allphone_ci		no		yes
-alpha			0.97		9.700000e-01
-ascale			20.0		2.000000e+01
-aw			1		1
-backtrace		no		no
-beam			1e-48		1.000000e-48
-bestpath		yes		yes
-bestpathlw		9.5		9.500000e+00
-ceplen			13		13
-cmn			live		batch
-cmninit		40,3,-1		41.00,-5.29,-0.12,5.09,2.48,-4.07,-1.37,-1.78,-5.08,-2.05,-6.45,-1.42,1.17
-compallsen		no		no
-debug					0
-dict					../../dicts/limited_dict.dic
-dictcase		no		no
-dither			no		no
-doublebw		no		no
-ds			1		1
-fdict					
-feat			1s_c_d_dd	1s_c_d_dd
-featparams				
-fillprob		1e-8		1.000000e-08
-frate			100		100
-fsg					
-fsgusealtpron		yes		yes
-fsgusefiller		yes		yes
-fwdflat		yes		yes
-fwdflatbeam		1e-64		1.000000e-64
-fwdflatefwid		4		4
-fwdflatlw		8.5		8.500000e+00
-fwdflatsfwin		25		25
-fwdflatwbeam		7e-29		7.000000e-29
-fwdtree		yes		yes
-hmm					/usr/local/lib/python2.7/dist-packages/pocketsphinx/model/en-us
-input_endian		little		little
-jsgf					
-keyphrase				
-kws					
-kws_delay		10		10
-kws_plp		1e-1		1.000000e-01
-kws_threshold		1		1.000000e+00
-latsize		5000		5000
-lda					
-ldadim			0		0
-lifter			0		22
-lm					../../lang_models/limited_lang_model.lm
-lmctl					
-lmname					
-logbase		1.0001		1.000100e+00
-logfn					psphinx.log
-logspec		no		no
-lowerf			133.33334	1.300000e+02
-lpbeam			1e-40		1.000000e-40
-lponlybeam		7e-29		7.000000e-29
-lw			6.5		6.500000e+00
-maxhmmpf		30000		30000
-maxwpf			-1		-1
-mdef					
-mean					
-mfclogdir				
-min_endfr		0		0
-mixw					
-mixwfloor		0.0000001	1.000000e-07
-mllr					
-mmap			yes		yes
-ncep			13		13
-nfft			512		512
-nfilt			40		25
-nwpen			1.0		1.000000e+00
-pbeam			1e-48		1.000000e-48
-pip			1.0		1.000000e+00
-pl_beam		1e-10		1.000000e-10
-pl_pbeam		1e-10		1.000000e-10
-pl_pip			1.0		1.000000e+00
-pl_weight		3.0		3.000000e+00
-pl_window		5		5
-rawlogdir				
-remove_dc		no		no
-remove_noise		yes		yes
-remove_silence		yes		yes
-round_filters		yes		yes
-samprate		16000		1.600000e+04
-seed			-1		-1
-sendump				
-senlogdir				
-senmgau				
-silprob		0.005		5.000000e-03
-smoothspec		no		no
-svspec					0-12/13-25/26-38
-tmat					
-tmatfloor		0.0001		1.000000e-04
-topn			4		4
-topn_beam		0		0
-toprule				
-transform		legacy		dct
-unit_area		yes		yes
-upperf			6855.4976	6.800000e+03
-uw			1.0		1.000000e+00
-vad_postspeech		50		50
-vad_prespeech		20		20
-vad_startspeech	10		10
-vad_threshold		2.0		2.000000e+00
-var					
-varfloor		0.0001		1.000000e-04
-varnorm		no		no
-verbose		no		yes
-warp_params				
-warp_type		inverse_linear	inverse_linear
-wbeam			7e-29		7.000000e-29
-wip			0.65		6.500000e-01
-wlen			0.025625	2.562500e-02

INFO: fe_interface.c(173): Current FE Parameters:
INFO: fe_interface.c(174): 	Sampling Rate:             16000.000000
INFO: fe_interface.c(175): 	Frame Size:                410
INFO: fe_interface.c(176): 	Frame Shift:               160
INFO: fe_interface.c(177): 	FFT Size:                  512
INFO: fe_interface.c(179): 	Lower Frequency:           130
INFO: fe_interface.c(181): 	Upper Frequency:           6800
INFO: fe_interface.c(182): 	Number of filters:         25
INFO: fe_interface.c(183): 	Number of Overflow Samps:  0
INFO: fe_interface.c(185): Will not remove DC offset at frame level
INFO: fe_interface.c(191): Will not add dither to audio
INFO: fe_interface.c(195): Will apply sine-curve liftering, period 22
INFO: fe_interface.c(198): Will normalize filters to unit area
INFO: fe_interface.c(200): Will round filter frequencies to DFT points
INFO: fe_interface.c(202): Will not use double bandwidth in mel filter
INFO: feat.c(715): Initializing feature stream to type: '1s_c_d_dd', ceplen=13, CMN='batch', VARNORM='no', AGC='none'
INFO: acmod.c(166): Using subvector specification 0-12/13-25/26-38
INFO: mdef.c(518): Reading model definition: /usr/local/lib/python2.7/dist-packages/pocketsphinx/model/en-us/mdef
INFO: mdef.c(531): Found byte-order mark BMDF, assuming this is a binary mdef file
INFO: bin_mdef.c(336): Reading binary model definition: /usr/local/lib/python2.7/dist-packages/pocketsphinx/model/en-us/mdef
INFO: bin_mdef.c(516): 42 CI-phone, 137053 CD-phone, 3 emitstate/phone, 126 CI-sen, 5126 Sen, 29324 Sen-Seq
INFO: tmat.c(149): Reading HMM transition probability matrices: /usr/local/lib/python2.7/dist-packages/pocketsphinx/model/en-us/transition_matrices
INFO: acmod.c(117): Attempting to use PTM computation module
INFO: ms_gauden.c(127): Reading mixture gaussian parameter: /usr/local/lib/python2.7/dist-packages/pocketsphinx/model/en-us/means
INFO: ms_gauden.c(242): 42 codebook, 3 feature, size: 
INFO: ms_gauden.c(244):  128x13
INFO: ms_gauden.c(244):  128x13
INFO: ms_gauden.c(244):  128x13
INFO: ms_gauden.c(127): Reading mixture gaussian parameter: /usr/local/lib/python2.7/dist-packages/pocketsphinx/model/en-us/variances
INFO: ms_gauden.c(242): 42 codebook, 3 feature, size: 
INFO: ms_gauden.c(244):  128x13
INFO: ms_gauden.c(244):  128x13
INFO: ms_gauden.c(244):  128x13
INFO: ms_gauden.c(304): 222 variance values floored
INFO: ptm_mgau.c(476): Loading senones from dump file /usr/local/lib/python2.7/dist-packages/pocketsphinx/model/en-us/sendump
INFO: ptm_mgau.c(500): BEGIN FILE FORMAT DESCRIPTION
INFO: ptm_mgau.c(563): Rows: 128, Columns: 5126
INFO: ptm_mgau.c(595): Using memory-mapped I/O for senones
INFO: ptm_mgau.c(838): Maximum top-N: 4
INFO: phone_loop_search.c(114): State beam -225 Phone exit beam -225 Insertion penalty 0
INFO: dict.c(320): Allocating 4285 * 32 bytes (133 KiB) for word entries
INFO: dict.c(333): Reading main dictionary: ../../dicts/limited_dict.dic
ERROR: "dict.c", line 205: Line 58: Failed to add the word 'GO' (duplicate?); ignored
ERROR: "dict.c", line 205: Line 76: Failed to add the word 'KITCHEN' (duplicate?); ignored
ERROR: "dict.c", line 205: Line 98: Failed to add the word 'ON' (duplicate?); ignored
ERROR: "dict.c", line 205: Line 99: Failed to add the word 'ON(2)' (duplicate?); ignored
ERROR: "dict.c", line 205: Line 145: Failed to add the word 'THE' (duplicate?); ignored
ERROR: "dict.c", line 205: Line 146: Failed to add the word 'THE(2)' (duplicate?); ignored
ERROR: "dict.c", line 205: Line 155: Failed to add the word 'TURN' (duplicate?); ignored
INFO: dict.c(213): Dictionary size 177, allocated 0 KiB for strings, 1 KiB for phones
INFO: dict.c(336): 177 words read
INFO: dict.c(358): Reading filler dictionary: /usr/local/lib/python2.7/dist-packages/pocketsphinx/model/en-us/noisedict
INFO: dict.c(213): Dictionary size 182, allocated 0 KiB for strings, 0 KiB for phones
INFO: dict.c(361): 5 words read
INFO: dict2pid.c(396): Building PID tables for dictionary
INFO: dict2pid.c(406): Allocating 42^3 * 2 bytes (144 KiB) for word-initial triphones
INFO: dict2pid.c(132): Allocated 42672 bytes (41 KiB) for word-final triphones
INFO: dict2pid.c(196): Allocated 42672 bytes (41 KiB) for single-phone word triphones
INFO: ngram_model_trie.c(354): Trying to read LM in trie binary format
INFO: ngram_model_trie.c(365): Header doesn't match
INFO: ngram_model_trie.c(177): Trying to read LM in arpa format
INFO: ngram_model_trie.c(193): LM of order 3
INFO: ngram_model_trie.c(195): #1-grams: 136
INFO: ngram_model_trie.c(195): #2-grams: 278
INFO: ngram_model_trie.c(195): #3-grams: 295
INFO: lm_trie.c(474): Training quantizer
INFO: lm_trie.c(482): Building LM trie
INFO: ngram_search_fwdtree.c(74): Initializing search tree
INFO: ngram_search_fwdtree.c(101): 112 unique initial diphones
INFO: ngram_search_fwdtree.c(186): Creating search channels
INFO: ngram_search_fwdtree.c(323): Max nonroot chan increased to 438
INFO: ngram_search_fwdtree.c(333): Created 106 root, 310 non-root channels, 8 single-phone words
INFO: ngram_search_fwdflat.c(157): fwdflat: min_ef_width = 4, max_sf_win = 25
INFO: ngram_search.c(467): Resized score stack to 200000 entries
INFO: ngram_search.c(459): Resized backpointer table to 10000 entries
INFO: cmn_live.c(120): Update from < 41.00 -5.29 -0.12  5.09  2.48 -4.07 -1.37 -1.78 -5.08 -2.05 -6.45 -1.42  1.17 >
INFO: cmn_live.c(138): Update to   < 51.06  6.98 -8.37  2.73 -6.08 -4.88  4.79 11.21 -2.91 -2.10 -5.59  1.15  4.98 >
INFO: ngram_search_fwdtree.c(1550):     6543 words recognized (34/fr)
INFO: ngram_search_fwdtree.c(1552):   282020 senones evaluated (1477/fr)
INFO: ngram_search_fwdtree.c(1556):   233604 channels searched (1223/fr), 19822 1st, 168358 last
INFO: ngram_search_fwdtree.c(1559):     8842 words for which last channels evaluated (46/fr)
INFO: ngram_search_fwdtree.c(1561):    15842 candidate words for entering last phone (82/fr)
INFO: ngram_search_fwdtree.c(1564): fwdtree 0.33 CPU 0.174 xRT
INFO: ngram_search_fwdtree.c(1567): fwdtree 2.00 wall 1.048 xRT
INFO: ngram_search_fwdflat.c(302): Utterance vocabulary contains 67 words
INFO: ngram_search_fwdflat.c(948):     3918 words recognized (21/fr)
INFO: ngram_search_fwdflat.c(950):   210789 senones evaluated (1104/fr)
INFO: ngram_search_fwdflat.c(952):   269224 channels searched (1409/fr)
INFO: ngram_search_fwdflat.c(954):    11638 words searched (60/fr)
INFO: ngram_search_fwdflat.c(957):     7342 word transitions (38/fr)
INFO: ngram_search_fwdflat.c(960): fwdflat 0.13 CPU 0.069 xRT
INFO: ngram_search_fwdflat.c(963): fwdflat 0.13 wall 0.069 xRT
INFO: ngram_search.c(1250): lattice start node <s>.0 end node </s>.169
INFO: ngram_search.c(1276): Eliminated 0 nodes before end node
INFO: ngram_search.c(1381): Lattice has 577 nodes, 5286 links
INFO: ps_lattice.c(1380): Bestpath score: -8032
INFO: ps_lattice.c(1384): Normalizer P(O) = alpha(</s>:169:189) = -454462
INFO: ps_lattice.c(1441): Joint P(O,S) = -494553 P(S|O) = -40091
INFO: ngram_search.c(872): bestpath 0.02 CPU 0.008 xRT
INFO: ngram_search.c(875): bestpath 0.01 wall 0.008 xRT
INFO: ngram_search_fwdtree.c(429): TOTAL fwdtree 0.33 CPU 0.175 xRT
INFO: ngram_search_fwdtree.c(432): TOTAL fwdtree 2.00 wall 1.054 xRT
INFO: ngram_search_fwdflat.c(176): TOTAL fwdflat 0.13 CPU 0.069 xRT
INFO: ngram_search_fwdflat.c(179): TOTAL fwdflat 0.13 wall 0.070 xRT
INFO: ngram_search.c(303): TOTAL bestpath 0.02 CPU 0.008 xRT
INFO: ngram_search.c(306): TOTAL bestpath 0.01 wall 0.008 xRT
INFO: pocketsphinx.c(152): Parsed model-specific feature parameters from /usr/local/lib/python2.7/dist-packages/pocketsphinx/model/en-us/feat.params
Current configuration:
[NAME]			[DEFLT]		[VALUE]
-agc			none		none
-agcthresh		2.0		2.000000e+00
-allphone				
-allphone_ci		no		yes
-alpha			0.97		9.700000e-01
-ascale			20.0		2.000000e+01
-aw			1		1
-backtrace		no		no
-beam			1e-48		1.000000e-48
-bestpath		yes		yes
-bestpathlw		9.5		9.500000e+00
-ceplen			13		13
-cmn			live		batch
-cmninit		40,3,-1		41.00,-5.29,-0.12,5.09,2.48,-4.07,-1.37,-1.78,-5.08,-2.05,-6.45,-1.42,1.17
-compallsen		no		no
-debug					0
-dict					../../dicts/limited_dict.dic
-dictcase		no		no
-dither			no		no
-doublebw		no		no
-ds			1		1
-fdict					
-feat			1s_c_d_dd	1s_c_d_dd
-featparams				
-fillprob		1e-8		1.000000e-08
-frate			100		100
-fsg					
-fsgusealtpron		yes		yes
-fsgusefiller		yes		yes
-fwdflat		yes		yes
-fwdflatbeam		1e-64		1.000000e-64
-fwdflatefwid		4		4
-fwdflatlw		8.5		8.500000e+00
-fwdflatsfwin		25		25
-fwdflatwbeam		7e-29		7.000000e-29
-fwdtree		yes		yes
-hmm					/usr/local/lib/python2.7/dist-packages/pocketsphinx/model/en-us
-input_endian		little		little
-jsgf					
-keyphrase				
-kws					
-kws_delay		10		10
-kws_plp		1e-1		1.000000e-01
-kws_threshold		1		1.000000e+00
-latsize		5000		5000
-lda					
-ldadim			0		0
-lifter			0		22
-lm					../../lang_models/limited_lang_model.lm
-lmctl					
-lmname					
-logbase		1.0001		1.000100e+00
-logfn					psphinx.log
-logspec		no		no
-lowerf			133.33334	1.300000e+02
-lpbeam			1e-40		1.000000e-40
-lponlybeam		7e-29		7.000000e-29
-lw			6.5		6.500000e+00
-maxhmmpf		30000		30000
-maxwpf			-1		-1
-mdef					
-mean					
-mfclogdir				
-min_endfr		0		0
-mixw					
-mixwfloor		0.0000001	1.000000e-07
-mllr					
-mmap			yes		yes
-ncep			13		13
-nfft			512		512
-nfilt			40		25
-nwpen			1.0		1.000000e+00
-pbeam			1e-48		1.000000e-48
-pip			1.0		1.000000e+00
-pl_beam		1e-10		1.000000e-10
-pl_pbeam		1e-10		1.000000e-10
-pl_pip			1.0		1.000000e+00
-pl_weight		3.0		3.000000e+00
-pl_window		5		5
-rawlogdir				
-remove_dc		no		no
-remove_noise		yes		yes
-remove_silence		yes		yes
-round_filters		yes		yes
-samprate		16000		1.600000e+04
-seed			-1		-1
-sendump				
-senlogdir				
-senmgau				
-silprob		0.005		5.000000e-03
-smoothspec		no		no
-svspec					0-12/13-25/26-38
-tmat					
-tmatfloor		0.0001		1.000000e-04
-topn			4		4
-topn_beam		0		0
-toprule				
-transform		legacy		dct
-unit_area		yes		yes
-upperf			6855.4976	6.800000e+03
-uw			1.0		1.000000e+00
-vad_postspeech		50		50
-vad_prespeech		20		20
-vad_startspeech	10		10
-vad_threshold		2.0		2.000000e+00
-var					
-varfloor		0.0001		1.000000e-04
-varnorm		no		no
-verbose		no		yes
-warp_params				
-warp_type		inverse_linear	inverse_linear
-wbeam			7e-29		7.000000e-29
-wip			0.65		6.500000e-01
-wlen			0.025625	2.562500e-02

INFO: fe_interface.c(173): Current FE Parameters:
INFO: fe_interface.c(174): 	Sampling Rate:             16000.000000
INFO: fe_interface.c(175): 	Frame Size:                410
INFO: fe_interface.c(176): 	Frame Shift:               160
INFO: fe_interface.c(177): 	FFT Size:                  512
INFO: fe_interface.c(179): 	Lower Frequency:           130
INFO: fe_interface.c(181): 	Upper Frequency:           6800
INFO: fe_interface.c(182): 	Number of filters:         25
INFO: fe_interface.c(183): 	Number of Overflow Samps:  0
INFO: fe_interface.c(185): Will not remove DC offset at frame level
INFO: fe_interface.c(191): Will not add dither to audio
INFO: fe_interface.c(195): Will apply sine-curve liftering, period 22
INFO: fe_interface.c(198): Will normalize filters to unit area
INFO: fe_interface.c(200): Will round filter frequencies to DFT points
INFO: fe_interface.c(202): Will not use double bandwidth in mel filter
INFO: feat.c(715): Initializing feature stream to type: '1s_c_d_dd', ceplen=13, CMN='batch', VARNORM='no', AGC='none'
INFO: acmod.c(166): Using subvector specification 0-12/13-25/26-38
INFO: mdef.c(518): Reading model definition: /usr/local/lib/python2.7/dist-packages/pocketsphinx/model/en-us/mdef
INFO: mdef.c(531): Found byte-order mark BMDF, assuming this is a binary mdef file
INFO: bin_mdef.c(336): Reading binary model definition: /usr/local/lib/python2.7/dist-packages/pocketsphinx/model/en-us/mdef
INFO: bin_mdef.c(516): 42 CI-phone, 137053 CD-phone, 3 emitstate/phone, 126 CI-sen, 5126 Sen, 29324 Sen-Seq
INFO: tmat.c(149): Reading HMM transition probability matrices: /usr/local/lib/python2.7/dist-packages/pocketsphinx/model/en-us/transition_matrices
INFO: acmod.c(117): Attempting to use PTM computation module
INFO: ms_gauden.c(127): Reading mixture gaussian parameter: /usr/local/lib/python2.7/dist-packages/pocketsphinx/model/en-us/means
INFO: ms_gauden.c(242): 42 codebook, 3 feature, size: 
INFO: ms_gauden.c(244):  128x13
INFO: ms_gauden.c(244):  128x13
INFO: ms_gauden.c(244):  128x13
INFO: ms_gauden.c(127): Reading mixture gaussian parameter: /usr/local/lib/python2.7/dist-packages/pocketsphinx/model/en-us/variances
INFO: ms_gauden.c(242): 42 codebook, 3 feature, size: 
INFO: ms_gauden.c(244):  128x13
INFO: ms_gauden.c(244):  128x13
INFO: ms_gauden.c(244):  128x13
INFO: ms_gauden.c(304): 222 variance values floored
INFO: ptm_mgau.c(476): Loading senones from dump file /usr/local/lib/python2.7/dist-packages/pocketsphinx/model/en-us/sendump
INFO: ptm_mgau.c(500): BEGIN FILE FORMAT DESCRIPTION
INFO: ptm_mgau.c(563): Rows: 128, Columns: 5126
INFO: ptm_mgau.c(595): Using memory-mapped I/O for senones
INFO: ptm_mgau.c(838): Maximum top-N: 4
INFO: phone_loop_search.c(114): State beam -225 Phone exit beam -225 Insertion penalty 0
INFO: dict.c(320): Allocating 4285 * 32 bytes (133 KiB) for word entries
INFO: dict.c(333): Reading main dictionary: ../../dicts/limited_dict.dic
ERROR: "dict.c", line 205: Line 58: Failed to add the word 'GO' (duplicate?); ignored
ERROR: "dict.c", line 205: Line 76: Failed to add the word 'KITCHEN' (duplicate?); ignored
ERROR: "dict.c", line 205: Line 98: Failed to add the word 'ON' (duplicate?); ignored
ERROR: "dict.c", line 205: Line 99: Failed to add the word 'ON(2)' (duplicate?); ignored
ERROR: "dict.c", line 205: Line 145: Failed to add the word 'THE' (duplicate?); ignored
ERROR: "dict.c", line 205: Line 146: Failed to add the word 'THE(2)' (duplicate?); ignored
ERROR: "dict.c", line 205: Line 155: Failed to add the word 'TURN' (duplicate?); ignored
INFO: dict.c(213): Dictionary size 177, allocated 0 KiB for strings, 1 KiB for phones
INFO: dict.c(336): 177 words read
INFO: dict.c(358): Reading filler dictionary: /usr/local/lib/python2.7/dist-packages/pocketsphinx/model/en-us/noisedict
INFO: dict.c(213): Dictionary size 182, allocated 0 KiB for strings, 0 KiB for phones
INFO: dict.c(361): 5 words read
INFO: dict2pid.c(396): Building PID tables for dictionary
INFO: dict2pid.c(406): Allocating 42^3 * 2 bytes (144 KiB) for word-initial triphones
INFO: dict2pid.c(132): Allocated 42672 bytes (41 KiB) for word-final triphones
INFO: dict2pid.c(196): Allocated 42672 bytes (41 KiB) for single-phone word triphones
INFO: ngram_model_trie.c(354): Trying to read LM in trie binary format
INFO: ngram_model_trie.c(365): Header doesn't match
INFO: ngram_model_trie.c(177): Trying to read LM in arpa format
INFO: ngram_model_trie.c(193): LM of order 3
INFO: ngram_model_trie.c(195): #1-grams: 136
INFO: ngram_model_trie.c(195): #2-grams: 278
INFO: ngram_model_trie.c(195): #3-grams: 295
INFO: lm_trie.c(474): Training quantizer
INFO: lm_trie.c(482): Building LM trie
INFO: ngram_search_fwdtree.c(74): Initializing search tree
INFO: ngram_search_fwdtree.c(101): 112 unique initial diphones
INFO: ngram_search_fwdtree.c(186): Creating search channels
INFO: ngram_search_fwdtree.c(323): Max nonroot chan increased to 438
INFO: ngram_search_fwdtree.c(333): Created 106 root, 310 non-root channels, 8 single-phone words
INFO: ngram_search_fwdflat.c(157): fwdflat: min_ef_width = 4, max_sf_win = 25
INFO: ngram_search_fwdtree.c(429): TOTAL fwdtree 0.00 CPU -nan xRT
INFO: ngram_search_fwdtree.c(432): TOTAL fwdtree 0.00 wall -nan xRT
INFO: ngram_search_fwdflat.c(176): TOTAL fwdflat 0.00 CPU -nan xRT
INFO: ngram_search_fwdflat.c(179): TOTAL fwdflat 0.00 wall -nan xRT
INFO: ngram_search.c(303): TOTAL bestpath 0.00 CPU -nan xRT
INFO: ngram_search.c(306): TOTAL bestpath 0.00 wall -nan xRT
